[11:10:04] Loading minimap2 reference.
[11:10:04] Getting file list.
[11:10:04] Re-squiggling reads (raw signal to genomic sequence alignment).






  0%|          | 0/16 [00:00<?, ?it/s]                                      [A[A[A[A[A[A5 most common unsuccessful read types (approx. %):
     -----
     -----
     -----
     -----
     -----
  0%|          | 0/16 [00:00<?, ?it/s]                                      [A[A[A[A[A[A5 most common unsuccessful read types (approx. %):
     -----
     -----
     -----
     -----
     -----
  0%|          | 0/16 [00:00<?, ?it/s] 94%|â–ˆâ–ˆâ–ˆâ–ˆâ–ˆâ–ˆâ–ˆâ–ˆâ–ˆâ–| 15/16 [00:00<00:00, 29.82it/s]                                               [A[A[A[A[A[A5 most common unsuccessful read types (approx. %):
    26.7% (      4 reads) : Poor raw to expected signal matching (revert with `tombo filter clear_filters`) 
     6.7% (      1 reads) : Alignment not produced                                                          
     -----
     -----
     -----
 94%|â–ˆâ–ˆâ–ˆâ–ˆâ–ˆâ–ˆâ–ˆâ–ˆâ–ˆâ–| 15/16 [00:00<00:00, 29.77it/s]100%|â–ˆâ–ˆâ–ˆâ–ˆâ–ˆâ–ˆâ–ˆâ–ˆâ–ˆâ–ˆ| 16/16 [00:01<00:00, 15.92it/s]
[11:10:05] Final unsuccessful reads summary (31.2% reads unsuccessfully processed; 5 total reads):
    25.0% (      4 reads) : Poor raw to expected signal matching (revert with `tombo filter clear_filters`) 
     6.2% (      1 reads) : Alignment not produced                                                          
[11:10:05] Saving Tombo reads index to file.
