[11:26:22] Loading minimap2 reference.
[11:26:22] Getting file list.
[11:26:23] Re-squiggling reads (raw signal to genomic sequence alignment).






  0%|          | 0/11 [00:00<?, ?it/s]                                      [A[A[A[A[A[A5 most common unsuccessful read types (approx. %):
     -----
     -----
     -----
     -----
     -----
  0%|          | 0/11 [00:00<?, ?it/s]                                      [A[A[A[A[A[A5 most common unsuccessful read types (approx. %):
     -----
     -----
     -----
     -----
     -----
  0%|          | 0/11 [00:00<?, ?it/s]100%|██████████| 11/11 [00:00<00:00, 21.77it/s]                                               [A[A[A[A[A[A5 most common unsuccessful read types (approx. %):
     9.1% (      1 reads) : Poor raw to expected signal matching (revert with `tombo filter clear_filters`) 
     -----
     -----
     -----
     -----
100%|██████████| 11/11 [00:00<00:00, 21.73it/s]100%|██████████| 11/11 [00:01<00:00, 10.92it/s]
[11:26:24] Final unsuccessful reads summary (9.1% reads unsuccessfully processed; 1 total reads):
     9.1% (      1 reads) : Poor raw to expected signal matching (revert with `tombo filter clear_filters`) 
[11:26:24] Saving Tombo reads index to file.
