[12:09:53] Loading minimap2 reference.
[12:09:53] Getting file list.
[12:09:54] Re-squiggling reads (raw signal to genomic sequence alignment).






  0%|          | 0/11 [00:00<?, ?it/s]                                      [A[A[A[A[A[A5 most common unsuccessful read types (approx. %):
     -----
     -----
     -----
     -----
     -----
  0%|          | 0/11 [00:00<?, ?it/s]                                      [A[A[A[A[A[A5 most common unsuccessful read types (approx. %):
     -----
     -----
     -----
     -----
     -----
  0%|          | 0/11 [00:00<?, ?it/s] 91%|█████████ | 10/11 [00:00<00:00, 19.87it/s]                                               [A[A[A[A[A[A5 most common unsuccessful read types (approx. %):
    10.0% (      1 reads) : Poor raw to expected signal matching (revert with `tombo filter clear_filters`) 
     -----
     -----
     -----
     -----
 91%|█████████ | 10/11 [00:00<00:00, 19.84it/s]100%|██████████| 11/11 [00:01<00:00, 10.94it/s]
[12:09:55] Final unsuccessful reads summary (9.1% reads unsuccessfully processed; 1 total reads):
     9.1% (      1 reads) : Poor raw to expected signal matching (revert with `tombo filter clear_filters`) 
[12:09:55] Saving Tombo reads index to file.
