[11:26:22] Loading minimap2 reference.
[11:26:22] Getting file list.
[11:26:22] Re-squiggling reads (raw signal to genomic sequence alignment).






  0%|          | 0/26 [00:00<?, ?it/s]                                      [A[A[A[A[A[A5 most common unsuccessful read types (approx. %):
     -----
     -----
     -----
     -----
     -----
  0%|          | 0/26 [00:00<?, ?it/s]                                      [A[A[A[A[A[A5 most common unsuccessful read types (approx. %):
     -----
     -----
     -----
     -----
     -----
  0%|          | 0/26 [00:00<?, ?it/s] 46%|████▌     | 12/26 [00:00<00:00, 23.84it/s]                                               [A[A[A[A[A[A5 most common unsuccessful read types (approx. %):
    16.7% (      2 reads) : Poor raw to expected signal matching (revert with `tombo filter clear_filters`) 
     -----
     -----
     -----
     -----
 46%|████▌     | 12/26 [00:00<00:00, 23.80it/s]100%|██████████| 26/26 [00:01<00:00, 25.84it/s]100%|██████████| 26/26 [00:01<00:00, 25.82it/s]
[11:26:23] Final unsuccessful reads summary (15.4% reads unsuccessfully processed; 4 total reads):
    15.4% (      4 reads) : Poor raw to expected signal matching (revert with `tombo filter clear_filters`) 
[11:26:24] Saving Tombo reads index to file.
