[11:10:03] Loading minimap2 reference.
[11:10:03] Getting file list.
[11:10:04] Re-squiggling reads (raw signal to genomic sequence alignment).






  0%|          | 0/17 [00:00<?, ?it/s]                                      [A[A[A[A[A[A5 most common unsuccessful read types (approx. %):
     -----
     -----
     -----
     -----
     -----
  0%|          | 0/17 [00:00<?, ?it/s]                                      [A[A[A[A[A[A5 most common unsuccessful read types (approx. %):
     -----
     -----
     -----
     -----
     -----
  0%|          | 0/17 [00:00<?, ?it/s] 94%|â–ˆâ–ˆâ–ˆâ–ˆâ–ˆâ–ˆâ–ˆâ–ˆâ–ˆâ–| 16/17 [00:00<00:00, 31.76it/s]                                               [A[A[A[A[A[A5 most common unsuccessful read types (approx. %):
    18.8% (      3 reads) : Poor raw to expected signal matching (revert with `tombo filter clear_filters`) 
     6.2% (      1 reads) : Alignment not produced                                                          
     -----
     -----
     -----
 94%|â–ˆâ–ˆâ–ˆâ–ˆâ–ˆâ–ˆâ–ˆâ–ˆâ–ˆâ–| 16/17 [00:00<00:00, 31.71it/s]100%|â–ˆâ–ˆâ–ˆâ–ˆâ–ˆâ–ˆâ–ˆâ–ˆâ–ˆâ–ˆ| 17/17 [00:01<00:00, 16.90it/s]
[11:10:05] Final unsuccessful reads summary (23.5% reads unsuccessfully processed; 4 total reads):
    17.6% (      3 reads) : Poor raw to expected signal matching (revert with `tombo filter clear_filters`) 
     5.9% (      1 reads) : Alignment not produced                                                          
[11:10:05] Saving Tombo reads index to file.
