[11:10:04] Loading minimap2 reference.
[11:10:04] Getting file list.
[11:10:04] Re-squiggling reads (raw signal to genomic sequence alignment).






  0%|          | 0/11 [00:00<?, ?it/s]                                      [A[A[A[A[A[A5 most common unsuccessful read types (approx. %):
     -----
     -----
     -----
     -----
     -----
  0%|          | 0/11 [00:00<?, ?it/s]                                      [A[A[A[A[A[A5 most common unsuccessful read types (approx. %):
     -----
     -----
     -----
     -----
     -----
  0%|          | 0/11 [00:00<?, ?it/s]100%|██████████| 11/11 [00:00<00:00, 21.83it/s]100%|██████████| 11/11 [00:00<00:00, 21.79it/s]
[11:10:04] Final unsuccessful reads summary (45.5% reads unsuccessfully processed; 5 total reads):
    18.2% (      2 reads) : Poor raw to expected signal matching (revert with `tombo filter clear_filters`) 
    18.2% (      2 reads) : Alignment not produced                                                          
     9.1% (      1 reads) : Read event to sequence alignment extends beyond bandwidth                       
[11:10:04] Saving Tombo reads index to file.
