[init_core::INFO][1;34m builtin RNA nucleotide model loaded[0m
HDF5-DIAG: Error detected in HDF5 (1.8.16) thread 140042762612736:
  #000: ../../../src/H5F.c line 604 in H5Fopen(): unable to open file
    major: File accessibilty
    minor: Unable to open file
  #001: ../../../src/H5Fint.c line 992 in H5F_open(): unable to open file: time = Thu Jun 16 11:10:07 2022
, name = 'fast5s_native_2_23s/native_2_23s-0.fast5', tent_flags = 0
    major: File accessibilty
    minor: Unable to open file
  #002: ../../../src/H5FD.c line 993 in H5FD_open(): open failed
    major: Virtual File Layer
    minor: Unable to initialize object
  #003: ../../../src/H5FDsec2.c line 339 in H5FD_sec2_open(): unable to open file: name = 'fast5s_native_2_23s/native_2_23s-0.fast5', errno = 2, error message = 'No such file or directory', flags = 0, o_flags = 0
    major: File accessibilty
    minor: Unable to open file
HDF5-DIAG: Error detected in HDF5 (1.8.16) thread 140042762612736:
  #000: ../../../src/H5G.c line 454 in H5Gopen2(): not a location
    major: Invalid arguments to routine
    minor: Inappropriate type
  #001: ../../../src/H5Gloc.c line 253 in H5G_loc(): invalid object ID
    major: Invalid arguments to routine
    minor: Bad value
HDF5-DIAG: Error detected in HDF5 (1.8.16) thread 140042762612736:
  #000: ../../../src/H5G.c line 812 in H5Gclose(): not a group
    major: Invalid arguments to routine
    minor: Inappropriate type
[handle_bad_fast5::WARNING][1;33m Fast5 file [fast5s_native_2_23s/native_2_23s-0.fast5] for read [0256eb96-6fb8-440c-8bdd-e447b2a85c9d] is unreadable and will be skipped[0m
HDF5-DIAG: Error detected in HDF5 (1.8.16) thread 140042762612736:
  #000: ../../../src/H5F.c line 604 in H5Fopen(): unable to open file
    major: File accessibilty
    minor: Unable to open file
  #001: ../../../src/H5Fint.c line 992 in H5F_open(): unable to open file: time = Thu Jun 16 11:10:07 2022
, name = 'fast5s_native_2_23s/native_2_23s-0.fast5', tent_flags = 0
    major: File accessibilty
    minor: Unable to open file
  #002: ../../../src/H5FD.c line 993 in H5FD_open(): open failed
    major: Virtual File Layer
    minor: Unable to initialize object
  #003: ../../../src/H5FDsec2.c line 339 in H5FD_sec2_open(): unable to open file: name = 'fast5s_native_2_23s/native_2_23s-0.fast5', errno = 2, error message = 'No such file or directory', flags = 0, o_flags = 0
    major: File accessibilty
    minor: Unable to open file
HDF5-DIAG: Error detected in HDF5 (1.8.16) thread 140042762612736:
  #000: ../../../src/H5G.c line 454 in H5Gopen2(): not a location
    major: Invalid arguments to routine
    minor: Inappropriate type
  #001: ../../../src/H5Gloc.c line 253 in H5G_loc(): invalid object ID
    major: Invalid arguments to routine
    minor: Bad value
HDF5-DIAG: Error detected in HDF5 (1.8.16) thread 140042762612736:
  #000: ../../../src/H5G.c line 812 in H5Gclose(): not a group
    major: Invalid arguments to routine
    minor: Inappropriate type
[handle_bad_fast5::WARNING][1;33m Fast5 file [fast5s_native_2_23s/native_2_23s-0.fast5] for read [eac74bc6-fad1-4ffe-a93b-372e2c1e3ba8] is unreadable and will be skipped[0m
HDF5-DIAG: Error detected in HDF5 (1.8.16) thread 140042762612736:
  #000: ../../../src/H5F.c line 604 in H5Fopen(): unable to open file
    major: File accessibilty
    minor: Unable to open file
  #001: ../../../src/H5Fint.c line 992 in H5F_open(): unable to open file: time = Thu Jun 16 11:10:07 2022
, name = 'fast5s_native_2_23s/native_2_23s-0.fast5', tent_flags = 0
    major: File accessibilty
    minor: Unable to open file
  #002: ../../../src/H5FD.c line 993 in H5FD_open(): open failed
    major: Virtual File Layer
    minor: Unable to initialize object
  #003: ../../../src/H5FDsec2.c line 339 in H5FD_sec2_open(): unable to open file: name = 'fast5s_native_2_23s/native_2_23s-0.fast5', errno = 2, error message = 'No such file or directory', flags = 0, o_flags = 0
    major: File accessibilty
    minor: Unable to open file
HDF5-DIAG: Error detected in HDF5 (1.8.16) thread 140042762612736:
  #000: ../../../src/H5G.c line 454 in H5Gopen2(): not a location
    major: Invalid arguments to routine
    minor: Inappropriate type
  #001: ../../../src/H5Gloc.c line 253 in H5G_loc(): invalid object ID
    major: Invalid arguments to routine
    minor: Bad value
HDF5-DIAG: Error detected in HDF5 (1.8.16) thread 140042762612736:
  #000: ../../../src/H5G.c line 812 in H5Gclose(): not a group
    major: Invalid arguments to routine
    minor: Inappropriate type
[handle_bad_fast5::WARNING][1;33m Fast5 file [fast5s_native_2_23s/native_2_23s-0.fast5] for read [943731cc-a357-475d-9b66-fac3710cb6b0] is unreadable and will be skipped[0m
HDF5-DIAG: Error detected in HDF5 (1.8.16) thread 140042762612736:
  #000: ../../../src/H5F.c line 604 in H5Fopen(): unable to open file
    major: File accessibilty
    minor: Unable to open file
  #001: ../../../src/H5Fint.c line 992 in H5F_open(): unable to open file: time = Thu Jun 16 11:10:07 2022
, name = 'fast5s_native_2_23s/native_2_23s-0.fast5', tent_flags = 0
    major: File accessibilty
    minor: Unable to open file
  #002: ../../../src/H5FD.c line 993 in H5FD_open(): open failed
    major: Virtual File Layer
    minor: Unable to initialize object
  #003: ../../../src/H5FDsec2.c line 339 in H5FD_sec2_open(): unable to open file: name = 'fast5s_native_2_23s/native_2_23s-0.fast5', errno = 2, error message = 'No such file or directory', flags = 0, o_flags = 0
    major: File accessibilty
    minor: Unable to open file
HDF5-DIAG: Error detected in HDF5 (1.8.16) thread 140042762612736:
  #000: ../../../src/H5G.c line 454 in H5Gopen2(): not a location
    major: Invalid arguments to routine
    minor: Inappropriate type
  #001: ../../../src/H5Gloc.c line 253 in H5G_loc(): invalid object ID
    major: Invalid arguments to routine
    minor: Bad value
HDF5-DIAG: Error detected in HDF5 (1.8.16) thread 140042762612736:
  #000: ../../../src/H5G.c line 812 in H5Gclose(): not a group
    major: Invalid arguments to routine
    minor: Inappropriate type
[handle_bad_fast5::WARNING][1;33m Fast5 file [fast5s_native_2_23s/native_2_23s-0.fast5] for read [601919d1-1b72-45b6-964f-46430e1e9d6c] is unreadable and will be skipped[0m
HDF5-DIAG: Error detected in HDF5 (1.8.16) thread 140042762612736:
  #000: ../../../src/H5F.c line 604 in H5Fopen(): unable to open file
    major: File accessibilty
    minor: Unable to open file
  #001: ../../../src/H5Fint.c line 992 in H5F_open(): unable to open file: time = Thu Jun 16 11:10:07 2022
, name = 'fast5s_native_2_23s/native_2_23s-0.fast5', tent_flags = 0
    major: File accessibilty
    minor: Unable to open file
  #002: ../../../src/H5FD.c line 993 in H5FD_open(): open failed
    major: Virtual File Layer
    minor: Unable to initialize object
  #003: ../../../src/H5FDsec2.c line 339 in H5FD_sec2_open(): unable to open file: name = 'fast5s_native_2_23s/native_2_23s-0.fast5', errno = 2, error message = 'No such file or directory', flags = 0, o_flags = 0
    major: File accessibilty
    minor: Unable to open file
HDF5-DIAG: Error detected in HDF5 (1.8.16) thread 140042762612736:
  #000: ../../../src/H5G.c line 454 in H5Gopen2(): not a location
    major: Invalid arguments to routine
    minor: Inappropriate type
  #001: ../../../src/H5Gloc.c line 253 in H5G_loc(): invalid object ID
    major: Invalid arguments to routine
    minor: Bad value
HDF5-DIAG: Error detected in HDF5 (1.8.16) thread 140042762612736:
  #000: ../../../src/H5G.c line 812 in H5Gclose(): not a group
    major: Invalid arguments to routine
    minor: Inappropriate type
[handle_bad_fast5::WARNING][1;33m Fast5 file [fast5s_native_2_23s/native_2_23s-0.fast5] for read [8139b0b0-11db-430a-bb76-428b5f5c9414] is unreadable and will be skipped[0m
HDF5-DIAG: Error detected in HDF5 (1.8.16) thread 140042762612736:
  #000: ../../../src/H5F.c line 604 in H5Fopen(): unable to open file
    major: File accessibilty
    minor: Unable to open file
  #001: ../../../src/H5Fint.c line 992 in H5F_open(): unable to open file: time = Thu Jun 16 11:10:07 2022
, name = 'fast5s_native_2_23s/native_2_23s-0.fast5', tent_flags = 0
    major: File accessibilty
    minor: Unable to open file
  #002: ../../../src/H5FD.c line 993 in H5FD_open(): open failed
    major: Virtual File Layer
    minor: Unable to initialize object
  #003: ../../../src/H5FDsec2.c line 339 in H5FD_sec2_open(): unable to open file: name = 'fast5s_native_2_23s/native_2_23s-0.fast5', errno = 2, error message = 'No such file or directory', flags = 0, o_flags = 0
    major: File accessibilty
    minor: Unable to open file
HDF5-DIAG: Error detected in HDF5 (1.8.16) thread 140042762612736:
  #000: ../../../src/H5G.c line 454 in H5Gopen2(): not a location
    major: Invalid arguments to routine
    minor: Inappropriate type
  #001: ../../../src/H5Gloc.c line 253 in H5G_loc(): invalid object ID
    major: Invalid arguments to routine
    minor: Bad value
HDF5-DIAG: Error detected in HDF5 (1.8.16) thread 140042762612736:
  #000: ../../../src/H5G.c line 812 in H5Gclose(): not a group
    major: Invalid arguments to routine
    minor: Inappropriate type
[handle_bad_fast5::WARNING][1;33m Fast5 file [fast5s_native_2_23s/native_2_23s-0.fast5] for read [8895cd37-e317-4834-8da9-57e036038930] is unreadable and will be skipped[0m
HDF5-DIAG: Error detected in HDF5 (1.8.16) thread 140042762612736:
  #000: ../../../src/H5F.c line 604 in H5Fopen(): unable to open file
    major: File accessibilty
    minor: Unable to open file
  #001: ../../../src/H5Fint.c line 992 in H5F_open(): unable to open file: time = Thu Jun 16 11:10:07 2022
, name = 'fast5s_native_2_23s/native_2_23s-0.fast5', tent_flags = 0
    major: File accessibilty
    minor: Unable to open file
  #002: ../../../src/H5FD.c line 993 in H5FD_open(): open failed
    major: Virtual File Layer
    minor: Unable to initialize object
  #003: ../../../src/H5FDsec2.c line 339 in H5FD_sec2_open(): unable to open file: name = 'fast5s_native_2_23s/native_2_23s-0.fast5', errno = 2, error message = 'No such file or directory', flags = 0, o_flags = 0
    major: File accessibilty
    minor: Unable to open file
HDF5-DIAG: Error detected in HDF5 (1.8.16) thread 140042762612736:
  #000: ../../../src/H5G.c line 454 in H5Gopen2(): not a location
    major: Invalid arguments to routine
    minor: Inappropriate type
  #001: ../../../src/H5Gloc.c line 253 in H5G_loc(): invalid object ID
    major: Invalid arguments to routine
    minor: Bad value
HDF5-DIAG: Error detected in HDF5 (1.8.16) thread 140042762612736:
  #000: ../../../src/H5G.c line 812 in H5Gclose(): not a group
    major: Invalid arguments to routine
    minor: Inappropriate type
[handle_bad_fast5::WARNING][1;33m Fast5 file [fast5s_native_2_23s/native_2_23s-0.fast5] for read [546e6024-d3fd-4b5a-bdfc-66af9485a549] is unreadable and will be skipped[0m
HDF5-DIAG: Error detected in HDF5 (1.8.16) thread 140042762612736:
  #000: ../../../src/H5F.c line 604 in H5Fopen(): unable to open file
    major: File accessibilty
    minor: Unable to open file
  #001: ../../../src/H5Fint.c line 992 in H5F_open(): unable to open file: time = Thu Jun 16 11:10:07 2022
, name = 'fast5s_native_2_23s/native_2_23s-0.fast5', tent_flags = 0
    major: File accessibilty
    minor: Unable to open file
  #002: ../../../src/H5FD.c line 993 in H5FD_open(): open failed
    major: Virtual File Layer
    minor: Unable to initialize object
  #003: ../../../src/H5FDsec2.c line 339 in H5FD_sec2_open(): unable to open file: name = 'fast5s_native_2_23s/native_2_23s-0.fast5', errno = 2, error message = 'No such file or directory', flags = 0, o_flags = 0
    major: File accessibilty
    minor: Unable to open file
HDF5-DIAG: Error detected in HDF5 (1.8.16) thread 140042762612736:
  #000: ../../../src/H5G.c line 454 in H5Gopen2(): not a location
    major: Invalid arguments to routine
    minor: Inappropriate type
  #001: ../../../src/H5Gloc.c line 253 in H5G_loc(): invalid object ID
    major: Invalid arguments to routine
    minor: Bad value
HDF5-DIAG: Error detected in HDF5 (1.8.16) thread 140042762612736:
  #000: ../../../src/H5G.c line 812 in H5Gclose(): not a group
    major: Invalid arguments to routine
    minor: Inappropriate type
[handle_bad_fast5::WARNING][1;33m Fast5 file [fast5s_native_2_23s/native_2_23s-0.fast5] for read [798d886b-28a4-4670-a737-5a92ac520f90] is unreadable and will be skipped[0m
HDF5-DIAG: Error detected in HDF5 (1.8.16) thread 140042762612736:
  #000: ../../../src/H5F.c line 604 in H5Fopen(): unable to open file
    major: File accessibilty
    minor: Unable to open file
  #001: ../../../src/H5Fint.c line 992 in H5F_open(): unable to open file: time = Thu Jun 16 11:10:07 2022
, name = 'fast5s_native_2_23s/native_2_23s-0.fast5', tent_flags = 0
    major: File accessibilty
    minor: Unable to open file
  #002: ../../../src/H5FD.c line 993 in H5FD_open(): open failed
    major: Virtual File Layer
    minor: Unable to initialize object
  #003: ../../../src/H5FDsec2.c line 339 in H5FD_sec2_open(): unable to open file: name = 'fast5s_native_2_23s/native_2_23s-0.fast5', errno = 2, error message = 'No such file or directory', flags = 0, o_flags = 0
    major: File accessibilty
    minor: Unable to open file
HDF5-DIAG: Error detected in HDF5 (1.8.16) thread 140042762612736:
  #000: ../../../src/H5G.c line 454 in H5Gopen2(): not a location
    major: Invalid arguments to routine
    minor: Inappropriate type
  #001: ../../../src/H5Gloc.c line 253 in H5G_loc(): invalid object ID
    major: Invalid arguments to routine
    minor: Bad value
HDF5-DIAG: Error detected in HDF5 (1.8.16) thread 140042762612736:
  #000: ../../../src/H5G.c line 812 in H5Gclose(): not a group
    major: Invalid arguments to routine
    minor: Inappropriate type
[handle_bad_fast5::WARNING][1;33m Fast5 file [fast5s_native_2_23s/native_2_23s-0.fast5] for read [e8459af8-765f-4fdc-a705-ffa099925e0f] is unreadable and will be skipped[0m
HDF5-DIAG: Error detected in HDF5 (1.8.16) thread 140042762612736:
  #000: ../../../src/H5F.c line 604 in H5Fopen(): unable to open file
    major: File accessibilty
    minor: Unable to open file
  #001: ../../../src/H5Fint.c line 992 in H5F_open(): unable to open file: time = Thu Jun 16 11:10:07 2022
, name = 'fast5s_native_2_23s/native_2_23s-0.fast5', tent_flags = 0
    major: File accessibilty
    minor: Unable to open file
  #002: ../../../src/H5FD.c line 993 in H5FD_open(): open failed
    major: Virtual File Layer
    minor: Unable to initialize object
  #003: ../../../src/H5FDsec2.c line 339 in H5FD_sec2_open(): unable to open file: name = 'fast5s_native_2_23s/native_2_23s-0.fast5', errno = 2, error message = 'No such file or directory', flags = 0, o_flags = 0
    major: File accessibilty
    minor: Unable to open file
HDF5-DIAG: Error detected in HDF5 (1.8.16) thread 140042762612736:
  #000: ../../../src/H5G.c line 454 in H5Gopen2(): not a location
    major: Invalid arguments to routine
    minor: Inappropriate type
  #001: ../../../src/H5Gloc.c line 253 in H5G_loc(): invalid object ID
    major: Invalid arguments to routine
    minor: Bad value
HDF5-DIAG: Error detected in HDF5 (1.8.16) thread 140042762612736:
  #000: ../../../src/H5G.c line 812 in H5Gclose(): not a group
    major: Invalid arguments to routine
    minor: Inappropriate type
[handle_bad_fast5::WARNING][1;33m Fast5 file [fast5s_native_2_23s/native_2_23s-0.fast5] for read [e15417f3-fced-41a6-9d8c-f57820522497] is unreadable and will be skipped[0m
[meth_main::0.109*0.10] 0 Entries (0.0M bases) loaded
[pthread_processor::0.112*0.15] 0 Entries (0.0M bases) processed
[meth_main] total entries: 10, qc fail: 0, could not calibrate: 0, no alignment: 0, bad fast5: 10
[meth_main] total bases: 0.0 Mbases
[meth_main] Data loading time: 0.003 sec
[meth_main]     - bam load time: 0.000 sec
[meth_main]     - fasta load time: 0.001 sec
[meth_main]     - fast5 load time: 0.002 sec
[meth_main]         - fast5 open time: 0.002 sec
[meth_main]         - fast5 read time: 0.000 sec
[meth_main] Data processing time: 0.003 sec
[meth_main] Data output time: 0.000 sec
[main] Version: 0.7
[main] CMD: /home/bhargavam/f5c-v0.7/f5c eventalign --scale-events --signal-index --print-read-names --rna -r native_2_23s.fastq -b native_2_23s_sorted.bam -g k12_23s_78_extended.fa --summary native_2_23s_summary.txt --threads 40
[main] Real time: 0.112 sec; CPU time: 0.017 sec; Peak RAM: 0.008 GB

