[11:26:22] Loading minimap2 reference.
[11:26:22] Getting file list.
[11:26:22] Re-squiggling reads (raw signal to genomic sequence alignment).






  0%|          | 0/14 [00:00<?, ?it/s]                                      [A[A[A[A[A[A5 most common unsuccessful read types (approx. %):
     -----
     -----
     -----
     -----
     -----
  0%|          | 0/14 [00:00<?, ?it/s]                                      [A[A[A[A[A[A5 most common unsuccessful read types (approx. %):
     -----
     -----
     -----
     -----
     -----
  0%|          | 0/14 [00:00<?, ?it/s]100%|██████████| 14/14 [00:00<00:00, 27.77it/s]                                               [A[A[A[A[A[A5 most common unsuccessful read types (approx. %):
     7.1% (      1 reads) : Alignment not produced                                                          
     -----
     -----
     -----
     -----
100%|██████████| 14/14 [00:00<00:00, 27.74it/s]100%|██████████| 14/14 [00:01<00:00, 13.92it/s]
[11:26:23] Final unsuccessful reads summary (7.1% reads unsuccessfully processed; 1 total reads):
     7.1% (      1 reads) : Alignment not produced                                                          
[11:26:24] Saving Tombo reads index to file.
