[init_core::INFO][1;34m builtin RNA nucleotide model loaded[0m
HDF5-DIAG: Error detected in HDF5 (1.8.16) thread 139848622764032:
  #000: ../../../src/H5F.c line 604 in H5Fopen(): unable to open file
    major: File accessibilty
    minor: Unable to open file
  #001: ../../../src/H5Fint.c line 992 in H5F_open(): unable to open file: time = Thu Jun 16 11:10:07 2022
, name = 'fast5s_native_3_23s/native_3_23s-0.fast5', tent_flags = 0
    major: File accessibilty
    minor: Unable to open file
  #002: ../../../src/H5FD.c line 993 in H5FD_open(): open failed
    major: Virtual File Layer
    minor: Unable to initialize object
  #003: ../../../src/H5FDsec2.c line 339 in H5FD_sec2_open(): unable to open file: name = 'fast5s_native_3_23s/native_3_23s-0.fast5', errno = 2, error message = 'No such file or directory', flags = 0, o_flags = 0
    major: File accessibilty
    minor: Unable to open file
HDF5-DIAG: Error detected in HDF5 (1.8.16) thread 139848622764032:
  #000: ../../../src/H5G.c line 454 in H5Gopen2(): not a location
    major: Invalid arguments to routine
    minor: Inappropriate type
  #001: ../../../src/H5Gloc.c line 253 in H5G_loc(): invalid object ID
    major: Invalid arguments to routine
    minor: Bad value
HDF5-DIAG: Error detected in HDF5 (1.8.16) thread 139848622764032:
  #000: ../../../src/H5G.c line 812 in H5Gclose(): not a group
    major: Invalid arguments to routine
    minor: Inappropriate type
[handle_bad_fast5::WARNING][1;33m Fast5 file [fast5s_native_3_23s/native_3_23s-0.fast5] for read [7f93d303-3402-4338-b1b7-b4d3f6aaf1cb] is unreadable and will be skipped[0m
HDF5-DIAG: Error detected in HDF5 (1.8.16) thread 139848622764032:
  #000: ../../../src/H5F.c line 604 in H5Fopen(): unable to open file
    major: File accessibilty
    minor: Unable to open file
  #001: ../../../src/H5Fint.c line 992 in H5F_open(): unable to open file: time = Thu Jun 16 11:10:07 2022
, name = 'fast5s_native_3_23s/native_3_23s-0.fast5', tent_flags = 0
    major: File accessibilty
    minor: Unable to open file
  #002: ../../../src/H5FD.c line 993 in H5FD_open(): open failed
    major: Virtual File Layer
    minor: Unable to initialize object
  #003: ../../../src/H5FDsec2.c line 339 in H5FD_sec2_open(): unable to open file: name = 'fast5s_native_3_23s/native_3_23s-0.fast5', errno = 2, error message = 'No such file or directory', flags = 0, o_flags = 0
    major: File accessibilty
    minor: Unable to open file
HDF5-DIAG: Error detected in HDF5 (1.8.16) thread 139848622764032:
  #000: ../../../src/H5G.c line 454 in H5Gopen2(): not a location
    major: Invalid arguments to routine
    minor: Inappropriate type
  #001: ../../../src/H5Gloc.c line 253 in H5G_loc(): invalid object ID
    major: Invalid arguments to routine
    minor: Bad value
HDF5-DIAG: Error detected in HDF5 (1.8.16) thread 139848622764032:
  #000: ../../../src/H5G.c line 812 in H5Gclose(): not a group
    major: Invalid arguments to routine
    minor: Inappropriate type
[handle_bad_fast5::WARNING][1;33m Fast5 file [fast5s_native_3_23s/native_3_23s-0.fast5] for read [f2593e37-adfe-4184-b046-5b6103c818bd] is unreadable and will be skipped[0m
HDF5-DIAG: Error detected in HDF5 (1.8.16) thread 139848622764032:
  #000: ../../../src/H5F.c line 604 in H5Fopen(): unable to open file
    major: File accessibilty
    minor: Unable to open file
  #001: ../../../src/H5Fint.c line 992 in H5F_open(): unable to open file: time = Thu Jun 16 11:10:07 2022
, name = 'fast5s_native_3_23s/native_3_23s-0.fast5', tent_flags = 0
    major: File accessibilty
    minor: Unable to open file
  #002: ../../../src/H5FD.c line 993 in H5FD_open(): open failed
    major: Virtual File Layer
    minor: Unable to initialize object
  #003: ../../../src/H5FDsec2.c line 339 in H5FD_sec2_open(): unable to open file: name = 'fast5s_native_3_23s/native_3_23s-0.fast5', errno = 2, error message = 'No such file or directory', flags = 0, o_flags = 0
    major: File accessibilty
    minor: Unable to open file
HDF5-DIAG: Error detected in HDF5 (1.8.16) thread 139848622764032:
  #000: ../../../src/H5G.c line 454 in H5Gopen2(): not a location
    major: Invalid arguments to routine
    minor: Inappropriate type
  #001: ../../../src/H5Gloc.c line 253 in H5G_loc(): invalid object ID
    major: Invalid arguments to routine
    minor: Bad value
HDF5-DIAG: Error detected in HDF5 (1.8.16) thread 139848622764032:
  #000: ../../../src/H5G.c line 812 in H5Gclose(): not a group
    major: Invalid arguments to routine
    minor: Inappropriate type
[handle_bad_fast5::WARNING][1;33m Fast5 file [fast5s_native_3_23s/native_3_23s-0.fast5] for read [3581a0c1-219f-4933-a58a-044a58bf2444] is unreadable and will be skipped[0m
HDF5-DIAG: Error detected in HDF5 (1.8.16) thread 139848622764032:
  #000: ../../../src/H5F.c line 604 in H5Fopen(): unable to open file
    major: File accessibilty
    minor: Unable to open file
  #001: ../../../src/H5Fint.c line 992 in H5F_open(): unable to open file: time = Thu Jun 16 11:10:07 2022
, name = 'fast5s_native_3_23s/native_3_23s-0.fast5', tent_flags = 0
    major: File accessibilty
    minor: Unable to open file
  #002: ../../../src/H5FD.c line 993 in H5FD_open(): open failed
    major: Virtual File Layer
    minor: Unable to initialize object
  #003: ../../../src/H5FDsec2.c line 339 in H5FD_sec2_open(): unable to open file: name = 'fast5s_native_3_23s/native_3_23s-0.fast5', errno = 2, error message = 'No such file or directory', flags = 0, o_flags = 0
    major: File accessibilty
    minor: Unable to open file
HDF5-DIAG: Error detected in HDF5 (1.8.16) thread 139848622764032:
  #000: ../../../src/H5G.c line 454 in H5Gopen2(): not a location
    major: Invalid arguments to routine
    minor: Inappropriate type
  #001: ../../../src/H5Gloc.c line 253 in H5G_loc(): invalid object ID
    major: Invalid arguments to routine
    minor: Bad value
HDF5-DIAG: Error detected in HDF5 (1.8.16) thread 139848622764032:
  #000: ../../../src/H5G.c line 812 in H5Gclose(): not a group
    major: Invalid arguments to routine
    minor: Inappropriate type
[handle_bad_fast5::WARNING][1;33m Fast5 file [fast5s_native_3_23s/native_3_23s-0.fast5] for read [64245c3c-17e5-4b0b-bad8-f5ea0271ec07] is unreadable and will be skipped[0m
HDF5-DIAG: Error detected in HDF5 (1.8.16) thread 139848622764032:
  #000: ../../../src/H5F.c line 604 in H5Fopen(): unable to open file
    major: File accessibilty
    minor: Unable to open file
  #001: ../../../src/H5Fint.c line 992 in H5F_open(): unable to open file: time = Thu Jun 16 11:10:07 2022
, name = 'fast5s_native_3_23s/native_3_23s-0.fast5', tent_flags = 0
    major: File accessibilty
    minor: Unable to open file
  #002: ../../../src/H5FD.c line 993 in H5FD_open(): open failed
    major: Virtual File Layer
    minor: Unable to initialize object
  #003: ../../../src/H5FDsec2.c line 339 in H5FD_sec2_open(): unable to open file: name = 'fast5s_native_3_23s/native_3_23s-0.fast5', errno = 2, error message = 'No such file or directory', flags = 0, o_flags = 0
    major: File accessibilty
    minor: Unable to open file
HDF5-DIAG: Error detected in HDF5 (1.8.16) thread 139848622764032:
  #000: ../../../src/H5G.c line 454 in H5Gopen2(): not a location
    major: Invalid arguments to routine
    minor: Inappropriate type
  #001: ../../../src/H5Gloc.c line 253 in H5G_loc(): invalid object ID
    major: Invalid arguments to routine
    minor: Bad value
HDF5-DIAG: Error detected in HDF5 (1.8.16) thread 139848622764032:
  #000: ../../../src/H5G.c line 812 in H5Gclose(): not a group
    major: Invalid arguments to routine
    minor: Inappropriate type
[handle_bad_fast5::WARNING][1;33m Fast5 file [fast5s_native_3_23s/native_3_23s-0.fast5] for read [db349756-d8d3-46bd-9e7e-9adc9a44c9f6] is unreadable and will be skipped[0m
HDF5-DIAG: Error detected in HDF5 (1.8.16) thread 139848622764032:
  #000: ../../../src/H5F.c line 604 in H5Fopen(): unable to open file
    major: File accessibilty
    minor: Unable to open file
  #001: ../../../src/H5Fint.c line 992 in H5F_open(): unable to open file: time = Thu Jun 16 11:10:07 2022
, name = 'fast5s_native_3_23s/native_3_23s-0.fast5', tent_flags = 0
    major: File accessibilty
    minor: Unable to open file
  #002: ../../../src/H5FD.c line 993 in H5FD_open(): open failed
    major: Virtual File Layer
    minor: Unable to initialize object
  #003: ../../../src/H5FDsec2.c line 339 in H5FD_sec2_open(): unable to open file: name = 'fast5s_native_3_23s/native_3_23s-0.fast5', errno = 2, error message = 'No such file or directory', flags = 0, o_flags = 0
    major: File accessibilty
    minor: Unable to open file
HDF5-DIAG: Error detected in HDF5 (1.8.16) thread 139848622764032:
  #000: ../../../src/H5G.c line 454 in H5Gopen2(): not a location
    major: Invalid arguments to routine
    minor: Inappropriate type
  #001: ../../../src/H5Gloc.c line 253 in H5G_loc(): invalid object ID
    major: Invalid arguments to routine
    minor: Bad value
HDF5-DIAG: Error detected in HDF5 (1.8.16) thread 139848622764032:
  #000: ../../../src/H5G.c line 812 in H5Gclose(): not a group
    major: Invalid arguments to routine
    minor: Inappropriate type
[handle_bad_fast5::WARNING][1;33m Fast5 file [fast5s_native_3_23s/native_3_23s-0.fast5] for read [a4d08ab6-10eb-4e3a-aaec-f608687ef84f] is unreadable and will be skipped[0m
HDF5-DIAG: Error detected in HDF5 (1.8.16) thread 139848622764032:
  #000: ../../../src/H5F.c line 604 in H5Fopen(): unable to open file
    major: File accessibilty
    minor: Unable to open file
  #001: ../../../src/H5Fint.c line 992 in H5F_open(): unable to open file: time = Thu Jun 16 11:10:07 2022
, name = 'fast5s_native_3_23s/native_3_23s-0.fast5', tent_flags = 0
    major: File accessibilty
    minor: Unable to open file
  #002: ../../../src/H5FD.c line 993 in H5FD_open(): open failed
    major: Virtual File Layer
    minor: Unable to initialize object
  #003: ../../../src/H5FDsec2.c line 339 in H5FD_sec2_open(): unable to open file: name = 'fast5s_native_3_23s/native_3_23s-0.fast5', errno = 2, error message = 'No such file or directory', flags = 0, o_flags = 0
    major: File accessibilty
    minor: Unable to open file
HDF5-DIAG: Error detected in HDF5 (1.8.16) thread 139848622764032:
  #000: ../../../src/H5G.c line 454 in H5Gopen2(): not a location
    major: Invalid arguments to routine
    minor: Inappropriate type
  #001: ../../../src/H5Gloc.c line 253 in H5G_loc(): invalid object ID
    major: Invalid arguments to routine
    minor: Bad value
HDF5-DIAG: Error detected in HDF5 (1.8.16) thread 139848622764032:
  #000: ../../../src/H5G.c line 812 in H5Gclose(): not a group
    major: Invalid arguments to routine
    minor: Inappropriate type
[handle_bad_fast5::WARNING][1;33m Fast5 file [fast5s_native_3_23s/native_3_23s-0.fast5] for read [32a18816-5b25-453e-b4af-142e8baab7ed] is unreadable and will be skipped[0m
HDF5-DIAG: Error detected in HDF5 (1.8.16) thread 139848622764032:
  #000: ../../../src/H5F.c line 604 in H5Fopen(): unable to open file
    major: File accessibilty
    minor: Unable to open file
  #001: ../../../src/H5Fint.c line 992 in H5F_open(): unable to open file: time = Thu Jun 16 11:10:07 2022
, name = 'fast5s_native_3_23s/native_3_23s-0.fast5', tent_flags = 0
    major: File accessibilty
    minor: Unable to open file
  #002: ../../../src/H5FD.c line 993 in H5FD_open(): open failed
    major: Virtual File Layer
    minor: Unable to initialize object
  #003: ../../../src/H5FDsec2.c line 339 in H5FD_sec2_open(): unable to open file: name = 'fast5s_native_3_23s/native_3_23s-0.fast5', errno = 2, error message = 'No such file or directory', flags = 0, o_flags = 0
    major: File accessibilty
    minor: Unable to open file
HDF5-DIAG: Error detected in HDF5 (1.8.16) thread 139848622764032:
  #000: ../../../src/H5G.c line 454 in H5Gopen2(): not a location
    major: Invalid arguments to routine
    minor: Inappropriate type
  #001: ../../../src/H5Gloc.c line 253 in H5G_loc(): invalid object ID
    major: Invalid arguments to routine
    minor: Bad value
HDF5-DIAG: Error detected in HDF5 (1.8.16) thread 139848622764032:
  #000: ../../../src/H5G.c line 812 in H5Gclose(): not a group
    major: Invalid arguments to routine
    minor: Inappropriate type
[handle_bad_fast5::WARNING][1;33m Fast5 file [fast5s_native_3_23s/native_3_23s-0.fast5] for read [bb81d06c-2b2d-4ee1-8db2-a32583497422] is unreadable and will be skipped[0m
HDF5-DIAG: Error detected in HDF5 (1.8.16) thread 139848622764032:
  #000: ../../../src/H5F.c line 604 in H5Fopen(): unable to open file
    major: File accessibilty
    minor: Unable to open file
  #001: ../../../src/H5Fint.c line 992 in H5F_open(): unable to open file: time = Thu Jun 16 11:10:07 2022
, name = 'fast5s_native_3_23s/native_3_23s-0.fast5', tent_flags = 0
    major: File accessibilty
    minor: Unable to open file
  #002: ../../../src/H5FD.c line 993 in H5FD_open(): open failed
    major: Virtual File Layer
    minor: Unable to initialize object
  #003: ../../../src/H5FDsec2.c line 339 in H5FD_sec2_open(): unable to open file: name = 'fast5s_native_3_23s/native_3_23s-0.fast5', errno = 2, error message = 'No such file or directory', flags = 0, o_flags = 0
    major: File accessibilty
    minor: Unable to open file
HDF5-DIAG: Error detected in HDF5 (1.8.16) thread 139848622764032:
  #000: ../../../src/H5G.c line 454 in H5Gopen2(): not a location
    major: Invalid arguments to routine
    minor: Inappropriate type
  #001: ../../../src/H5Gloc.c line 253 in H5G_loc(): invalid object ID
    major: Invalid arguments to routine
    minor: Bad value
HDF5-DIAG: Error detected in HDF5 (1.8.16) thread 139848622764032:
  #000: ../../../src/H5G.c line 812 in H5Gclose(): not a group
    major: Invalid arguments to routine
    minor: Inappropriate type
[handle_bad_fast5::WARNING][1;33m Fast5 file [fast5s_native_3_23s/native_3_23s-0.fast5] for read [5aacd627-3a01-4b34-befd-c34b0a72c1f2] is unreadable and will be skipped[0m
HDF5-DIAG: Error detected in HDF5 (1.8.16) thread 139848622764032:
  #000: ../../../src/H5F.c line 604 in H5Fopen(): unable to open file
    major: File accessibilty
    minor: Unable to open file
  #001: ../../../src/H5Fint.c line 992 in H5F_open(): unable to open file: time = Thu Jun 16 11:10:07 2022
, name = 'fast5s_native_3_23s/native_3_23s-0.fast5', tent_flags = 0
    major: File accessibilty
    minor: Unable to open file
  #002: ../../../src/H5FD.c line 993 in H5FD_open(): open failed
    major: Virtual File Layer
    minor: Unable to initialize object
  #003: ../../../src/H5FDsec2.c line 339 in H5FD_sec2_open(): unable to open file: name = 'fast5s_native_3_23s/native_3_23s-0.fast5', errno = 2, error message = 'No such file or directory', flags = 0, o_flags = 0
    major: File accessibilty
    minor: Unable to open file
HDF5-DIAG: Error detected in HDF5 (1.8.16) thread 139848622764032:
  #000: ../../../src/H5G.c line 454 in H5Gopen2(): not a location
    major: Invalid arguments to routine
    minor: Inappropriate type
  #001: ../../../src/H5Gloc.c line 253 in H5G_loc(): invalid object ID
    major: Invalid arguments to routine
    minor: Bad value
HDF5-DIAG: Error detected in HDF5 (1.8.16) thread 139848622764032:
  #000: ../../../src/H5G.c line 812 in H5Gclose(): not a group
    major: Invalid arguments to routine
    minor: Inappropriate type
[handle_bad_fast5::WARNING][1;33m Fast5 file [fast5s_native_3_23s/native_3_23s-0.fast5] for read [8e437a9a-0f75-4c15-b632-690cb453cb68] is unreadable and will be skipped[0m
HDF5-DIAG: Error detected in HDF5 (1.8.16) thread 139848622764032:
  #000: ../../../src/H5F.c line 604 in H5Fopen(): unable to open file
    major: File accessibilty
    minor: Unable to open file
  #001: ../../../src/H5Fint.c line 992 in H5F_open(): unable to open file: time = Thu Jun 16 11:10:07 2022
, name = 'fast5s_native_3_23s/native_3_23s-0.fast5', tent_flags = 0
    major: File accessibilty
    minor: Unable to open file
  #002: ../../../src/H5FD.c line 993 in H5FD_open(): open failed
    major: Virtual File Layer
    minor: Unable to initialize object
  #003: ../../../src/H5FDsec2.c line 339 in H5FD_sec2_open(): unable to open file: name = 'fast5s_native_3_23s/native_3_23s-0.fast5', errno = 2, error message = 'No such file or directory', flags = 0, o_flags = 0
    major: File accessibilty
    minor: Unable to open file
HDF5-DIAG: Error detected in HDF5 (1.8.16) thread 139848622764032:
  #000: ../../../src/H5G.c line 454 in H5Gopen2(): not a location
    major: Invalid arguments to routine
    minor: Inappropriate type
  #001: ../../../src/H5Gloc.c line 253 in H5G_loc(): invalid object ID
    major: Invalid arguments to routine
    minor: Bad value
HDF5-DIAG: Error detected in HDF5 (1.8.16) thread 139848622764032:
  #000: ../../../src/H5G.c line 812 in H5Gclose(): not a group
    major: Invalid arguments to routine
    minor: Inappropriate type
[handle_bad_fast5::WARNING][1;33m Fast5 file [fast5s_native_3_23s/native_3_23s-0.fast5] for read [ba0073b0-5908-4015-8f2f-15223cf3df7c] is unreadable and will be skipped[0m
HDF5-DIAG: Error detected in HDF5 (1.8.16) thread 139848622764032:
  #000: ../../../src/H5F.c line 604 in H5Fopen(): unable to open file
    major: File accessibilty
    minor: Unable to open file
  #001: ../../../src/H5Fint.c line 992 in H5F_open(): unable to open file: time = Thu Jun 16 11:10:07 2022
, name = 'fast5s_native_3_23s/native_3_23s-0.fast5', tent_flags = 0
    major: File accessibilty
    minor: Unable to open file
  #002: ../../../src/H5FD.c line 993 in H5FD_open(): open failed
    major: Virtual File Layer
    minor: Unable to initialize object
  #003: ../../../src/H5FDsec2.c line 339 in H5FD_sec2_open(): unable to open file: name = 'fast5s_native_3_23s/native_3_23s-0.fast5', errno = 2, error message = 'No such file or directory', flags = 0, o_flags = 0
    major: File accessibilty
    minor: Unable to open file
HDF5-DIAG: Error detected in HDF5 (1.8.16) thread 139848622764032:
  #000: ../../../src/H5G.c line 454 in H5Gopen2(): not a location
    major: Invalid arguments to routine
    minor: Inappropriate type
  #001: ../../../src/H5Gloc.c line 253 in H5G_loc(): invalid object ID
    major: Invalid arguments to routine
    minor: Bad value
HDF5-DIAG: Error detected in HDF5 (1.8.16) thread 139848622764032:
  #000: ../../../src/H5G.c line 812 in H5Gclose(): not a group
    major: Invalid arguments to routine
    minor: Inappropriate type
[handle_bad_fast5::WARNING][1;33m Fast5 file [fast5s_native_3_23s/native_3_23s-0.fast5] for read [b19ec893-21f8-4e15-93bd-62ae89418b8c] is unreadable and will be skipped[0m
HDF5-DIAG: Error detected in HDF5 (1.8.16) thread 139848622764032:
  #000: ../../../src/H5F.c line 604 in H5Fopen(): unable to open file
    major: File accessibilty
    minor: Unable to open file
  #001: ../../../src/H5Fint.c line 992 in H5F_open(): unable to open file: time = Thu Jun 16 11:10:07 2022
, name = 'fast5s_native_3_23s/native_3_23s-0.fast5', tent_flags = 0
    major: File accessibilty
    minor: Unable to open file
  #002: ../../../src/H5FD.c line 993 in H5FD_open(): open failed
    major: Virtual File Layer
    minor: Unable to initialize object
  #003: ../../../src/H5FDsec2.c line 339 in H5FD_sec2_open(): unable to open file: name = 'fast5s_native_3_23s/native_3_23s-0.fast5', errno = 2, error message = 'No such file or directory', flags = 0, o_flags = 0
    major: File accessibilty
    minor: Unable to open file
HDF5-DIAG: Error detected in HDF5 (1.8.16) thread 139848622764032:
  #000: ../../../src/H5G.c line 454 in H5Gopen2(): not a location
    major: Invalid arguments to routine
    minor: Inappropriate type
  #001: ../../../src/H5Gloc.c line 253 in H5G_loc(): invalid object ID
    major: Invalid arguments to routine
    minor: Bad value
HDF5-DIAG: Error detected in HDF5 (1.8.16) thread 139848622764032:
  #000: ../../../src/H5G.c line 812 in H5Gclose(): not a group
    major: Invalid arguments to routine
    minor: Inappropriate type
[handle_bad_fast5::WARNING][1;33m Fast5 file [fast5s_native_3_23s/native_3_23s-0.fast5] for read [9f386483-9154-49d8-9d06-758719f1ba4d] is unreadable and will be skipped[0m
HDF5-DIAG: Error detected in HDF5 (1.8.16) thread 139848622764032:
  #000: ../../../src/H5F.c line 604 in H5Fopen(): unable to open file
    major: File accessibilty
    minor: Unable to open file
  #001: ../../../src/H5Fint.c line 992 in H5F_open(): unable to open file: time = Thu Jun 16 11:10:07 2022
, name = 'fast5s_native_3_23s/native_3_23s-0.fast5', tent_flags = 0
    major: File accessibilty
    minor: Unable to open file
  #002: ../../../src/H5FD.c line 993 in H5FD_open(): open failed
    major: Virtual File Layer
    minor: Unable to initialize object
  #003: ../../../src/H5FDsec2.c line 339 in H5FD_sec2_open(): unable to open file: name = 'fast5s_native_3_23s/native_3_23s-0.fast5', errno = 2, error message = 'No such file or directory', flags = 0, o_flags = 0
    major: File accessibilty
    minor: Unable to open file
HDF5-DIAG: Error detected in HDF5 (1.8.16) thread 139848622764032:
  #000: ../../../src/H5G.c line 454 in H5Gopen2(): not a location
    major: Invalid arguments to routine
    minor: Inappropriate type
  #001: ../../../src/H5Gloc.c line 253 in H5G_loc(): invalid object ID
    major: Invalid arguments to routine
    minor: Bad value
HDF5-DIAG: Error detected in HDF5 (1.8.16) thread 139848622764032:
  #000: ../../../src/H5G.c line 812 in H5Gclose(): not a group
    major: Invalid arguments to routine
    minor: Inappropriate type
[handle_bad_fast5::WARNING][1;33m Fast5 file [fast5s_native_3_23s/native_3_23s-0.fast5] for read [e8afe1d0-e2d3-405f-bc93-bed5be6fcf8d] is unreadable and will be skipped[0m
HDF5-DIAG: Error detected in HDF5 (1.8.16) thread 139848622764032:
  #000: ../../../src/H5F.c line 604 in H5Fopen(): unable to open file
    major: File accessibilty
    minor: Unable to open file
  #001: ../../../src/H5Fint.c line 992 in H5F_open(): unable to open file: time = Thu Jun 16 11:10:07 2022
, name = 'fast5s_native_3_23s/native_3_23s-0.fast5', tent_flags = 0
    major: File accessibilty
    minor: Unable to open file
  #002: ../../../src/H5FD.c line 993 in H5FD_open(): open failed
    major: Virtual File Layer
    minor: Unable to initialize object
  #003: ../../../src/H5FDsec2.c line 339 in H5FD_sec2_open(): unable to open file: name = 'fast5s_native_3_23s/native_3_23s-0.fast5', errno = 2, error message = 'No such file or directory', flags = 0, o_flags = 0
    major: File accessibilty
    minor: Unable to open file
HDF5-DIAG: Error detected in HDF5 (1.8.16) thread 139848622764032:
  #000: ../../../src/H5G.c line 454 in H5Gopen2(): not a location
    major: Invalid arguments to routine
    minor: Inappropriate type
  #001: ../../../src/H5Gloc.c line 253 in H5G_loc(): invalid object ID
    major: Invalid arguments to routine
    minor: Bad value
HDF5-DIAG: Error detected in HDF5 (1.8.16) thread 139848622764032:
  #000: ../../../src/H5G.c line 812 in H5Gclose(): not a group
    major: Invalid arguments to routine
    minor: Inappropriate type
[handle_bad_fast5::WARNING][1;33m Fast5 file [fast5s_native_3_23s/native_3_23s-0.fast5] for read [2215c4bf-27a6-4e96-bd26-b7125e35f3de] is unreadable and will be skipped[0m
HDF5-DIAG: Error detected in HDF5 (1.8.16) thread 139848622764032:
  #000: ../../../src/H5F.c line 604 in H5Fopen(): unable to open file
    major: File accessibilty
    minor: Unable to open file
  #001: ../../../src/H5Fint.c line 992 in H5F_open(): unable to open file: time = Thu Jun 16 11:10:07 2022
, name = 'fast5s_native_3_23s/native_3_23s-0.fast5', tent_flags = 0
    major: File accessibilty
    minor: Unable to open file
  #002: ../../../src/H5FD.c line 993 in H5FD_open(): open failed
    major: Virtual File Layer
    minor: Unable to initialize object
  #003: ../../../src/H5FDsec2.c line 339 in H5FD_sec2_open(): unable to open file: name = 'fast5s_native_3_23s/native_3_23s-0.fast5', errno = 2, error message = 'No such file or directory', flags = 0, o_flags = 0
    major: File accessibilty
    minor: Unable to open file
HDF5-DIAG: Error detected in HDF5 (1.8.16) thread 139848622764032:
  #000: ../../../src/H5G.c line 454 in H5Gopen2(): not a location
    major: Invalid arguments to routine
    minor: Inappropriate type
  #001: ../../../src/H5Gloc.c line 253 in H5G_loc(): invalid object ID
    major: Invalid arguments to routine
    minor: Bad value
HDF5-DIAG: Error detected in HDF5 (1.8.16) thread 139848622764032:
  #000: ../../../src/H5G.c line 812 in H5Gclose(): not a group
    major: Invalid arguments to routine
    minor: Inappropriate type
[handle_bad_fast5::WARNING][1;33m Fast5 file [fast5s_native_3_23s/native_3_23s-0.fast5] for read [50209858-9d93-4702-8b05-aed6f6645060] is unreadable and will be skipped[0m
HDF5-DIAG: Error detected in HDF5 (1.8.16) thread 139848622764032:
  #000: ../../../src/H5F.c line 604 in H5Fopen(): unable to open file
    major: File accessibilty
    minor: Unable to open file
  #001: ../../../src/H5Fint.c line 992 in H5F_open(): unable to open file: time = Thu Jun 16 11:10:07 2022
, name = 'fast5s_native_3_23s/native_3_23s-0.fast5', tent_flags = 0
    major: File accessibilty
    minor: Unable to open file
  #002: ../../../src/H5FD.c line 993 in H5FD_open(): open failed
    major: Virtual File Layer
    minor: Unable to initialize object
  #003: ../../../src/H5FDsec2.c line 339 in H5FD_sec2_open(): unable to open file: name = 'fast5s_native_3_23s/native_3_23s-0.fast5', errno = 2, error message = 'No such file or directory', flags = 0, o_flags = 0
    major: File accessibilty
    minor: Unable to open file
HDF5-DIAG: Error detected in HDF5 (1.8.16) thread 139848622764032:
  #000: ../../../src/H5G.c line 454 in H5Gopen2(): not a location
    major: Invalid arguments to routine
    minor: Inappropriate type
  #001: ../../../src/H5Gloc.c line 253 in H5G_loc(): invalid object ID
    major: Invalid arguments to routine
    minor: Bad value
HDF5-DIAG: Error detected in HDF5 (1.8.16) thread 139848622764032:
  #000: ../../../src/H5G.c line 812 in H5Gclose(): not a group
    major: Invalid arguments to routine
    minor: Inappropriate type
[handle_bad_fast5::WARNING][1;33m Fast5 file [fast5s_native_3_23s/native_3_23s-0.fast5] for read [b79d58aa-de5f-4b3e-add0-609b841b010b] is unreadable and will be skipped[0m
HDF5-DIAG: Error detected in HDF5 (1.8.16) thread 139848622764032:
  #000: ../../../src/H5F.c line 604 in H5Fopen(): unable to open file
    major: File accessibilty
    minor: Unable to open file
  #001: ../../../src/H5Fint.c line 992 in H5F_open(): unable to open file: time = Thu Jun 16 11:10:07 2022
, name = 'fast5s_native_3_23s/native_3_23s-0.fast5', tent_flags = 0
    major: File accessibilty
    minor: Unable to open file
  #002: ../../../src/H5FD.c line 993 in H5FD_open(): open failed
    major: Virtual File Layer
    minor: Unable to initialize object
  #003: ../../../src/H5FDsec2.c line 339 in H5FD_sec2_open(): unable to open file: name = 'fast5s_native_3_23s/native_3_23s-0.fast5', errno = 2, error message = 'No such file or directory', flags = 0, o_flags = 0
    major: File accessibilty
    minor: Unable to open file
HDF5-DIAG: Error detected in HDF5 (1.8.16) thread 139848622764032:
  #000: ../../../src/H5G.c line 454 in H5Gopen2(): not a location
    major: Invalid arguments to routine
    minor: Inappropriate type
  #001: ../../../src/H5Gloc.c line 253 in H5G_loc(): invalid object ID
    major: Invalid arguments to routine
    minor: Bad value
HDF5-DIAG: Error detected in HDF5 (1.8.16) thread 139848622764032:
  #000: ../../../src/H5G.c line 812 in H5Gclose(): not a group
    major: Invalid arguments to routine
    minor: Inappropriate type
[handle_bad_fast5::WARNING][1;33m Fast5 file [fast5s_native_3_23s/native_3_23s-0.fast5] for read [32920df6-402d-42a2-ad7c-7093ea572c0b] is unreadable and will be skipped[0m
HDF5-DIAG: Error detected in HDF5 (1.8.16) thread 139848622764032:
  #000: ../../../src/H5F.c line 604 in H5Fopen(): unable to open file
    major: File accessibilty
    minor: Unable to open file
  #001: ../../../src/H5Fint.c line 992 in H5F_open(): unable to open file: time = Thu Jun 16 11:10:07 2022
, name = 'fast5s_native_3_23s/native_3_23s-0.fast5', tent_flags = 0
    major: File accessibilty
    minor: Unable to open file
  #002: ../../../src/H5FD.c line 993 in H5FD_open(): open failed
    major: Virtual File Layer
    minor: Unable to initialize object
  #003: ../../../src/H5FDsec2.c line 339 in H5FD_sec2_open(): unable to open file: name = 'fast5s_native_3_23s/native_3_23s-0.fast5', errno = 2, error message = 'No such file or directory', flags = 0, o_flags = 0
    major: File accessibilty
    minor: Unable to open file
HDF5-DIAG: Error detected in HDF5 (1.8.16) thread 139848622764032:
  #000: ../../../src/H5G.c line 454 in H5Gopen2(): not a location
    major: Invalid arguments to routine
    minor: Inappropriate type
  #001: ../../../src/H5Gloc.c line 253 in H5G_loc(): invalid object ID
    major: Invalid arguments to routine
    minor: Bad value
HDF5-DIAG: Error detected in HDF5 (1.8.16) thread 139848622764032:
  #000: ../../../src/H5G.c line 812 in H5Gclose(): not a group
    major: Invalid arguments to routine
    minor: Inappropriate type
[handle_bad_fast5::WARNING][1;33m Fast5 file [fast5s_native_3_23s/native_3_23s-0.fast5] for read [629310bb-bd04-42a4-b5ab-620baaaa056c] is unreadable and will be skipped[0m
HDF5-DIAG: Error detected in HDF5 (1.8.16) thread 139848622764032:
  #000: ../../../src/H5F.c line 604 in H5Fopen(): unable to open file
    major: File accessibilty
    minor: Unable to open file
  #001: ../../../src/H5Fint.c line 992 in H5F_open(): unable to open file: time = Thu Jun 16 11:10:07 2022
, name = 'fast5s_native_3_23s/native_3_23s-0.fast5', tent_flags = 0
    major: File accessibilty
    minor: Unable to open file
  #002: ../../../src/H5FD.c line 993 in H5FD_open(): open failed
    major: Virtual File Layer
    minor: Unable to initialize object
  #003: ../../../src/H5FDsec2.c line 339 in H5FD_sec2_open(): unable to open file: name = 'fast5s_native_3_23s/native_3_23s-0.fast5', errno = 2, error message = 'No such file or directory', flags = 0, o_flags = 0
    major: File accessibilty
    minor: Unable to open file
HDF5-DIAG: Error detected in HDF5 (1.8.16) thread 139848622764032:
  #000: ../../../src/H5G.c line 454 in H5Gopen2(): not a location
    major: Invalid arguments to routine
    minor: Inappropriate type
  #001: ../../../src/H5Gloc.c line 253 in H5G_loc(): invalid object ID
    major: Invalid arguments to routine
    minor: Bad value
HDF5-DIAG: Error detected in HDF5 (1.8.16) thread 139848622764032:
  #000: ../../../src/H5G.c line 812 in H5Gclose(): not a group
    major: Invalid arguments to routine
    minor: Inappropriate type
[handle_bad_fast5::WARNING][1;33m Fast5 file [fast5s_native_3_23s/native_3_23s-0.fast5] for read [f2be6b66-c072-441c-94e6-b45c00f58e28] is unreadable and will be skipped[0m
HDF5-DIAG: Error detected in HDF5 (1.8.16) thread 139848622764032:
  #000: ../../../src/H5F.c line 604 in H5Fopen(): unable to open file
    major: File accessibilty
    minor: Unable to open file
  #001: ../../../src/H5Fint.c line 992 in H5F_open(): unable to open file: time = Thu Jun 16 11:10:07 2022
, name = 'fast5s_native_3_23s/native_3_23s-0.fast5', tent_flags = 0
    major: File accessibilty
    minor: Unable to open file
  #002: ../../../src/H5FD.c line 993 in H5FD_open(): open failed
    major: Virtual File Layer
    minor: Unable to initialize object
  #003: ../../../src/H5FDsec2.c line 339 in H5FD_sec2_open(): unable to open file: name = 'fast5s_native_3_23s/native_3_23s-0.fast5', errno = 2, error message = 'No such file or directory', flags = 0, o_flags = 0
    major: File accessibilty
    minor: Unable to open file
HDF5-DIAG: Error detected in HDF5 (1.8.16) thread 139848622764032:
  #000: ../../../src/H5G.c line 454 in H5Gopen2(): not a location
    major: Invalid arguments to routine
    minor: Inappropriate type
  #001: ../../../src/H5Gloc.c line 253 in H5G_loc(): invalid object ID
    major: Invalid arguments to routine
    minor: Bad value
HDF5-DIAG: Error detected in HDF5 (1.8.16) thread 139848622764032:
  #000: ../../../src/H5G.c line 812 in H5Gclose(): not a group
    major: Invalid arguments to routine
    minor: Inappropriate type
[handle_bad_fast5::WARNING][1;33m Fast5 file [fast5s_native_3_23s/native_3_23s-0.fast5] for read [72736356-2583-4f06-81e5-6a65dcdba61c] is unreadable and will be skipped[0m
HDF5-DIAG: Error detected in HDF5 (1.8.16) thread 139848622764032:
  #000: ../../../src/H5F.c line 604 in H5Fopen(): unable to open file
    major: File accessibilty
    minor: Unable to open file
  #001: ../../../src/H5Fint.c line 992 in H5F_open(): unable to open file: time = Thu Jun 16 11:10:07 2022
, name = 'fast5s_native_3_23s/native_3_23s-0.fast5', tent_flags = 0
    major: File accessibilty
    minor: Unable to open file
  #002: ../../../src/H5FD.c line 993 in H5FD_open(): open failed
    major: Virtual File Layer
    minor: Unable to initialize object
  #003: ../../../src/H5FDsec2.c line 339 in H5FD_sec2_open(): unable to open file: name = 'fast5s_native_3_23s/native_3_23s-0.fast5', errno = 2, error message = 'No such file or directory', flags = 0, o_flags = 0
    major: File accessibilty
    minor: Unable to open file
HDF5-DIAG: Error detected in HDF5 (1.8.16) thread 139848622764032:
  #000: ../../../src/H5G.c line 454 in H5Gopen2(): not a location
    major: Invalid arguments to routine
    minor: Inappropriate type
  #001: ../../../src/H5Gloc.c line 253 in H5G_loc(): invalid object ID
    major: Invalid arguments to routine
    minor: Bad value
HDF5-DIAG: Error detected in HDF5 (1.8.16) thread 139848622764032:
  #000: ../../../src/H5G.c line 812 in H5Gclose(): not a group
    major: Invalid arguments to routine
    minor: Inappropriate type
[handle_bad_fast5::WARNING][1;33m Fast5 file [fast5s_native_3_23s/native_3_23s-0.fast5] for read [0844086c-54e4-444e-a923-909f1e9bf578] is unreadable and will be skipped[0m
HDF5-DIAG: Error detected in HDF5 (1.8.16) thread 139848622764032:
  #000: ../../../src/H5F.c line 604 in H5Fopen(): unable to open file
    major: File accessibilty
    minor: Unable to open file
  #001: ../../../src/H5Fint.c line 992 in H5F_open(): unable to open file: time = Thu Jun 16 11:10:07 2022
, name = 'fast5s_native_3_23s/native_3_23s-0.fast5', tent_flags = 0
    major: File accessibilty
    minor: Unable to open file
  #002: ../../../src/H5FD.c line 993 in H5FD_open(): open failed
    major: Virtual File Layer
    minor: Unable to initialize object
  #003: ../../../src/H5FDsec2.c line 339 in H5FD_sec2_open(): unable to open file: name = 'fast5s_native_3_23s/native_3_23s-0.fast5', errno = 2, error message = 'No such file or directory', flags = 0, o_flags = 0
    major: File accessibilty
    minor: Unable to open file
HDF5-DIAG: Error detected in HDF5 (1.8.16) thread 139848622764032:
  #000: ../../../src/H5G.c line 454 in H5Gopen2(): not a location
    major: Invalid arguments to routine
    minor: Inappropriate type
  #001: ../../../src/H5Gloc.c line 253 in H5G_loc(): invalid object ID
    major: Invalid arguments to routine
    minor: Bad value
HDF5-DIAG: Error detected in HDF5 (1.8.16) thread 139848622764032:
  #000: ../../../src/H5G.c line 812 in H5Gclose(): not a group
    major: Invalid arguments to routine
    minor: Inappropriate type
[handle_bad_fast5::WARNING][1;33m Fast5 file [fast5s_native_3_23s/native_3_23s-0.fast5] for read [2fe16669-692f-4433-b86d-b628a77e039c] is unreadable and will be skipped[0m
HDF5-DIAG: Error detected in HDF5 (1.8.16) thread 139848622764032:
  #000: ../../../src/H5F.c line 604 in H5Fopen(): unable to open file
    major: File accessibilty
    minor: Unable to open file
  #001: ../../../src/H5Fint.c line 992 in H5F_open(): unable to open file: time = Thu Jun 16 11:10:07 2022
, name = 'fast5s_native_3_23s/native_3_23s-0.fast5', tent_flags = 0
    major: File accessibilty
    minor: Unable to open file
  #002: ../../../src/H5FD.c line 993 in H5FD_open(): open failed
    major: Virtual File Layer
    minor: Unable to initialize object
  #003: ../../../src/H5FDsec2.c line 339 in H5FD_sec2_open(): unable to open file: name = 'fast5s_native_3_23s/native_3_23s-0.fast5', errno = 2, error message = 'No such file or directory', flags = 0, o_flags = 0
    major: File accessibilty
    minor: Unable to open file
HDF5-DIAG: Error detected in HDF5 (1.8.16) thread 139848622764032:
  #000: ../../../src/H5G.c line 454 in H5Gopen2(): not a location
    major: Invalid arguments to routine
    minor: Inappropriate type
  #001: ../../../src/H5Gloc.c line 253 in H5G_loc(): invalid object ID
    major: Invalid arguments to routine
    minor: Bad value
HDF5-DIAG: Error detected in HDF5 (1.8.16) thread 139848622764032:
  #000: ../../../src/H5G.c line 812 in H5Gclose(): not a group
    major: Invalid arguments to routine
    minor: Inappropriate type
[handle_bad_fast5::WARNING][1;33m Fast5 file [fast5s_native_3_23s/native_3_23s-0.fast5] for read [a71e9ac9-5e11-42a7-84f2-79662d04dfad] is unreadable and will be skipped[0m
HDF5-DIAG: Error detected in HDF5 (1.8.16) thread 139848622764032:
  #000: ../../../src/H5F.c line 604 in H5Fopen(): unable to open file
    major: File accessibilty
    minor: Unable to open file
  #001: ../../../src/H5Fint.c line 992 in H5F_open(): unable to open file: time = Thu Jun 16 11:10:07 2022
, name = 'fast5s_native_3_23s/native_3_23s-0.fast5', tent_flags = 0
    major: File accessibilty
    minor: Unable to open file
  #002: ../../../src/H5FD.c line 993 in H5FD_open(): open failed
    major: Virtual File Layer
    minor: Unable to initialize object
  #003: ../../../src/H5FDsec2.c line 339 in H5FD_sec2_open(): unable to open file: name = 'fast5s_native_3_23s/native_3_23s-0.fast5', errno = 2, error message = 'No such file or directory', flags = 0, o_flags = 0
    major: File accessibilty
    minor: Unable to open file
HDF5-DIAG: Error detected in HDF5 (1.8.16) thread 139848622764032:
  #000: ../../../src/H5G.c line 454 in H5Gopen2(): not a location
    major: Invalid arguments to routine
    minor: Inappropriate type
  #001: ../../../src/H5Gloc.c line 253 in H5G_loc(): invalid object ID
    major: Invalid arguments to routine
    minor: Bad value
HDF5-DIAG: Error detected in HDF5 (1.8.16) thread 139848622764032:
  #000: ../../../src/H5G.c line 812 in H5Gclose(): not a group
    major: Invalid arguments to routine
    minor: Inappropriate type
[handle_bad_fast5::WARNING][1;33m Fast5 file [fast5s_native_3_23s/native_3_23s-0.fast5] for read [2fe16669-692f-4433-b86d-b628a77e039c] is unreadable and will be skipped[0m
HDF5-DIAG: Error detected in HDF5 (1.8.16) thread 139848622764032:
  #000: ../../../src/H5F.c line 604 in H5Fopen(): unable to open file
    major: File accessibilty
    minor: Unable to open file
  #001: ../../../src/H5Fint.c line 992 in H5F_open(): unable to open file: time = Thu Jun 16 11:10:07 2022
, name = 'fast5s_native_3_23s/native_3_23s-0.fast5', tent_flags = 0
    major: File accessibilty
    minor: Unable to open file
  #002: ../../../src/H5FD.c line 993 in H5FD_open(): open failed
    major: Virtual File Layer
    minor: Unable to initialize object
  #003: ../../../src/H5FDsec2.c line 339 in H5FD_sec2_open(): unable to open file: name = 'fast5s_native_3_23s/native_3_23s-0.fast5', errno = 2, error message = 'No such file or directory', flags = 0, o_flags = 0
    major: File accessibilty
    minor: Unable to open file
HDF5-DIAG: Error detected in HDF5 (1.8.16) thread 139848622764032:
  #000: ../../../src/H5G.c line 454 in H5Gopen2(): not a location
    major: Invalid arguments to routine
    minor: Inappropriate type
  #001: ../../../src/H5Gloc.c line 253 in H5G_loc(): invalid object ID
    major: Invalid arguments to routine
    minor: Bad value
HDF5-DIAG: Error detected in HDF5 (1.8.16) thread 139848622764032:
  #000: ../../../src/H5G.c line 812 in H5Gclose(): not a group
    major: Invalid arguments to routine
    minor: Inappropriate type
[handle_bad_fast5::WARNING][1;33m Fast5 file [fast5s_native_3_23s/native_3_23s-0.fast5] for read [2fb2ca75-515e-4724-9134-5bc2ac653caf] is unreadable and will be skipped[0m
HDF5-DIAG: Error detected in HDF5 (1.8.16) thread 139848622764032:
  #000: ../../../src/H5F.c line 604 in H5Fopen(): unable to open file
    major: File accessibilty
    minor: Unable to open file
  #001: ../../../src/H5Fint.c line 992 in H5F_open(): unable to open file: time = Thu Jun 16 11:10:07 2022
, name = 'fast5s_native_3_23s/native_3_23s-0.fast5', tent_flags = 0
    major: File accessibilty
    minor: Unable to open file
  #002: ../../../src/H5FD.c line 993 in H5FD_open(): open failed
    major: Virtual File Layer
    minor: Unable to initialize object
  #003: ../../../src/H5FDsec2.c line 339 in H5FD_sec2_open(): unable to open file: name = 'fast5s_native_3_23s/native_3_23s-0.fast5', errno = 2, error message = 'No such file or directory', flags = 0, o_flags = 0
    major: File accessibilty
    minor: Unable to open file
HDF5-DIAG: Error detected in HDF5 (1.8.16) thread 139848622764032:
  #000: ../../../src/H5G.c line 454 in H5Gopen2(): not a location
    major: Invalid arguments to routine
    minor: Inappropriate type
  #001: ../../../src/H5Gloc.c line 253 in H5G_loc(): invalid object ID
    major: Invalid arguments to routine
    minor: Bad value
HDF5-DIAG: Error detected in HDF5 (1.8.16) thread 139848622764032:
  #000: ../../../src/H5G.c line 812 in H5Gclose(): not a group
    major: Invalid arguments to routine
    minor: Inappropriate type
[handle_bad_fast5::WARNING][1;33m Fast5 file [fast5s_native_3_23s/native_3_23s-0.fast5] for read [35742ef1-3b3f-41b2-a406-1920e57747de] is unreadable and will be skipped[0m
[meth_main::0.073*0.24] 0 Entries (0.0M bases) loaded
[pthread_processor::0.076*0.30] 0 Entries (0.0M bases) processed
[meth_main] total entries: 27, qc fail: 0, could not calibrate: 0, no alignment: 0, bad fast5: 27
[meth_main] total bases: 0.0 Mbases
[meth_main] Data loading time: 0.009 sec
[meth_main]     - bam load time: 0.001 sec
[meth_main]     - fasta load time: 0.005 sec
[meth_main]     - fast5 load time: 0.003 sec
[meth_main]         - fast5 open time: 0.003 sec
[meth_main]         - fast5 read time: 0.000 sec
[meth_main] Data processing time: 0.003 sec
[meth_main] Data output time: 0.000 sec
[meth_main::INFO][1;34m Performance bounded by file I/O. File I/O took 0.006 sec than processing[0m
[main] Version: 0.7
[main] CMD: /home/bhargavam/f5c-v0.7/f5c eventalign --scale-events --signal-index --print-read-names --rna -r native_3_23s.fastq -b native_3_23s_sorted.bam -g k12_23s_78_extended.fa --summary native_3_23s_summary.txt --threads 40
[main] Real time: 0.076 sec; CPU time: 0.023 sec; Peak RAM: 0.008 GB

