[11:10:03] Loading minimap2 reference.
[11:10:03] Getting file list.
[11:10:04] Re-squiggling reads (raw signal to genomic sequence alignment).






  0%|          | 0/26 [00:00<?, ?it/s]                                      [A[A[A[A[A[A5 most common unsuccessful read types (approx. %):
     -----
     -----
     -----
     -----
     -----
  0%|          | 0/26 [00:00<?, ?it/s]                                      [A[A[A[A[A[A5 most common unsuccessful read types (approx. %):
     -----
     -----
     -----
     -----
     -----
  0%|          | 0/26 [00:00<?, ?it/s] 27%|██▋       | 7/26 [00:00<00:01, 13.94it/s]                                              [A[A[A[A[A[A5 most common unsuccessful read types (approx. %):
    14.3% (      1 reads) : Poor raw to expected signal matching (revert with `tombo filter clear_filters`) 
     -----
     -----
     -----
     -----
 27%|██▋       | 7/26 [00:00<00:01, 13.93it/s]100%|██████████| 26/26 [00:01<00:00, 25.87it/s]100%|██████████| 26/26 [00:01<00:00, 25.85it/s]
[11:10:05] Final unsuccessful reads summary (15.4% reads unsuccessfully processed; 4 total reads):
    15.4% (      4 reads) : Poor raw to expected signal matching (revert with `tombo filter clear_filters`) 
[11:10:05] Saving Tombo reads index to file.
