[init_core::INFO][1;34m builtin RNA nucleotide model loaded[0m
HDF5-DIAG: Error detected in HDF5 (1.8.16) thread 140355733053440:
  #000: ../../../src/H5F.c line 604 in H5Fopen(): unable to open file
    major: File accessibilty
    minor: Unable to open file
  #001: ../../../src/H5Fint.c line 992 in H5F_open(): unable to open file: time = Thu Jun 16 11:26:26 2022
, name = 'fast5s_ivt_3_23s/ivt_3_23s-0.fast5', tent_flags = 0
    major: File accessibilty
    minor: Unable to open file
  #002: ../../../src/H5FD.c line 993 in H5FD_open(): open failed
    major: Virtual File Layer
    minor: Unable to initialize object
  #003: ../../../src/H5FDsec2.c line 339 in H5FD_sec2_open(): unable to open file: name = 'fast5s_ivt_3_23s/ivt_3_23s-0.fast5', errno = 2, error message = 'No such file or directory', flags = 0, o_flags = 0
    major: File accessibilty
    minor: Unable to open file
HDF5-DIAG: Error detected in HDF5 (1.8.16) thread 140355733053440:
  #000: ../../../src/H5G.c line 454 in H5Gopen2(): not a location
    major: Invalid arguments to routine
    minor: Inappropriate type
  #001: ../../../src/H5Gloc.c line 253 in H5G_loc(): invalid object ID
    major: Invalid arguments to routine
    minor: Bad value
HDF5-DIAG: Error detected in HDF5 (1.8.16) thread 140355733053440:
  #000: ../../../src/H5G.c line 812 in H5Gclose(): not a group
    major: Invalid arguments to routine
    minor: Inappropriate type
[handle_bad_fast5::WARNING][1;33m Fast5 file [fast5s_ivt_3_23s/ivt_3_23s-0.fast5] for read [2851833f-06f7-4136-afd4-ad25c595ec55] is unreadable and will be skipped[0m
HDF5-DIAG: Error detected in HDF5 (1.8.16) thread 140355733053440:
  #000: ../../../src/H5F.c line 604 in H5Fopen(): unable to open file
    major: File accessibilty
    minor: Unable to open file
  #001: ../../../src/H5Fint.c line 992 in H5F_open(): unable to open file: time = Thu Jun 16 11:26:26 2022
, name = 'fast5s_ivt_3_23s/ivt_3_23s-0.fast5', tent_flags = 0
    major: File accessibilty
    minor: Unable to open file
  #002: ../../../src/H5FD.c line 993 in H5FD_open(): open failed
    major: Virtual File Layer
    minor: Unable to initialize object
  #003: ../../../src/H5FDsec2.c line 339 in H5FD_sec2_open(): unable to open file: name = 'fast5s_ivt_3_23s/ivt_3_23s-0.fast5', errno = 2, error message = 'No such file or directory', flags = 0, o_flags = 0
    major: File accessibilty
    minor: Unable to open file
HDF5-DIAG: Error detected in HDF5 (1.8.16) thread 140355733053440:
  #000: ../../../src/H5G.c line 454 in H5Gopen2(): not a location
    major: Invalid arguments to routine
    minor: Inappropriate type
  #001: ../../../src/H5Gloc.c line 253 in H5G_loc(): invalid object ID
    major: Invalid arguments to routine
    minor: Bad value
HDF5-DIAG: Error detected in HDF5 (1.8.16) thread 140355733053440:
  #000: ../../../src/H5G.c line 812 in H5Gclose(): not a group
    major: Invalid arguments to routine
    minor: Inappropriate type
[handle_bad_fast5::WARNING][1;33m Fast5 file [fast5s_ivt_3_23s/ivt_3_23s-0.fast5] for read [a9fce727-3eed-4fd9-a405-7fa5f945880c] is unreadable and will be skipped[0m
HDF5-DIAG: Error detected in HDF5 (1.8.16) thread 140355733053440:
  #000: ../../../src/H5F.c line 604 in H5Fopen(): unable to open file
    major: File accessibilty
    minor: Unable to open file
  #001: ../../../src/H5Fint.c line 992 in H5F_open(): unable to open file: time = Thu Jun 16 11:26:26 2022
, name = 'fast5s_ivt_3_23s/ivt_3_23s-0.fast5', tent_flags = 0
    major: File accessibilty
    minor: Unable to open file
  #002: ../../../src/H5FD.c line 993 in H5FD_open(): open failed
    major: Virtual File Layer
    minor: Unable to initialize object
  #003: ../../../src/H5FDsec2.c line 339 in H5FD_sec2_open(): unable to open file: name = 'fast5s_ivt_3_23s/ivt_3_23s-0.fast5', errno = 2, error message = 'No such file or directory', flags = 0, o_flags = 0
    major: File accessibilty
    minor: Unable to open file
HDF5-DIAG: Error detected in HDF5 (1.8.16) thread 140355733053440:
  #000: ../../../src/H5G.c line 454 in H5Gopen2(): not a location
    major: Invalid arguments to routine
    minor: Inappropriate type
  #001: ../../../src/H5Gloc.c line 253 in H5G_loc(): invalid object ID
    major: Invalid arguments to routine
    minor: Bad value
HDF5-DIAG: Error detected in HDF5 (1.8.16) thread 140355733053440:
  #000: ../../../src/H5G.c line 812 in H5Gclose(): not a group
    major: Invalid arguments to routine
    minor: Inappropriate type
[handle_bad_fast5::WARNING][1;33m Fast5 file [fast5s_ivt_3_23s/ivt_3_23s-0.fast5] for read [36d4f3eb-4c19-4054-8625-ed8b7be0314e] is unreadable and will be skipped[0m
HDF5-DIAG: Error detected in HDF5 (1.8.16) thread 140355733053440:
  #000: ../../../src/H5F.c line 604 in H5Fopen(): unable to open file
    major: File accessibilty
    minor: Unable to open file
  #001: ../../../src/H5Fint.c line 992 in H5F_open(): unable to open file: time = Thu Jun 16 11:26:26 2022
, name = 'fast5s_ivt_3_23s/ivt_3_23s-0.fast5', tent_flags = 0
    major: File accessibilty
    minor: Unable to open file
  #002: ../../../src/H5FD.c line 993 in H5FD_open(): open failed
    major: Virtual File Layer
    minor: Unable to initialize object
  #003: ../../../src/H5FDsec2.c line 339 in H5FD_sec2_open(): unable to open file: name = 'fast5s_ivt_3_23s/ivt_3_23s-0.fast5', errno = 2, error message = 'No such file or directory', flags = 0, o_flags = 0
    major: File accessibilty
    minor: Unable to open file
HDF5-DIAG: Error detected in HDF5 (1.8.16) thread 140355733053440:
  #000: ../../../src/H5G.c line 454 in H5Gopen2(): not a location
    major: Invalid arguments to routine
    minor: Inappropriate type
  #001: ../../../src/H5Gloc.c line 253 in H5G_loc(): invalid object ID
    major: Invalid arguments to routine
    minor: Bad value
HDF5-DIAG: Error detected in HDF5 (1.8.16) thread 140355733053440:
  #000: ../../../src/H5G.c line 812 in H5Gclose(): not a group
    major: Invalid arguments to routine
    minor: Inappropriate type
[handle_bad_fast5::WARNING][1;33m Fast5 file [fast5s_ivt_3_23s/ivt_3_23s-0.fast5] for read [d190942d-f354-4697-8048-4be2224f903e] is unreadable and will be skipped[0m
HDF5-DIAG: Error detected in HDF5 (1.8.16) thread 140355733053440:
  #000: ../../../src/H5F.c line 604 in H5Fopen(): unable to open file
    major: File accessibilty
    minor: Unable to open file
  #001: ../../../src/H5Fint.c line 992 in H5F_open(): unable to open file: time = Thu Jun 16 11:26:26 2022
, name = 'fast5s_ivt_3_23s/ivt_3_23s-0.fast5', tent_flags = 0
    major: File accessibilty
    minor: Unable to open file
  #002: ../../../src/H5FD.c line 993 in H5FD_open(): open failed
    major: Virtual File Layer
    minor: Unable to initialize object
  #003: ../../../src/H5FDsec2.c line 339 in H5FD_sec2_open(): unable to open file: name = 'fast5s_ivt_3_23s/ivt_3_23s-0.fast5', errno = 2, error message = 'No such file or directory', flags = 0, o_flags = 0
    major: File accessibilty
    minor: Unable to open file
HDF5-DIAG: Error detected in HDF5 (1.8.16) thread 140355733053440:
  #000: ../../../src/H5G.c line 454 in H5Gopen2(): not a location
    major: Invalid arguments to routine
    minor: Inappropriate type
  #001: ../../../src/H5Gloc.c line 253 in H5G_loc(): invalid object ID
    major: Invalid arguments to routine
    minor: Bad value
HDF5-DIAG: Error detected in HDF5 (1.8.16) thread 140355733053440:
  #000: ../../../src/H5G.c line 812 in H5Gclose(): not a group
    major: Invalid arguments to routine
    minor: Inappropriate type
[handle_bad_fast5::WARNING][1;33m Fast5 file [fast5s_ivt_3_23s/ivt_3_23s-0.fast5] for read [32445a3d-9f56-4af7-9f41-197bd06d919a] is unreadable and will be skipped[0m
HDF5-DIAG: Error detected in HDF5 (1.8.16) thread 140355733053440:
  #000: ../../../src/H5F.c line 604 in H5Fopen(): unable to open file
    major: File accessibilty
    minor: Unable to open file
  #001: ../../../src/H5Fint.c line 992 in H5F_open(): unable to open file: time = Thu Jun 16 11:26:26 2022
, name = 'fast5s_ivt_3_23s/ivt_3_23s-0.fast5', tent_flags = 0
    major: File accessibilty
    minor: Unable to open file
  #002: ../../../src/H5FD.c line 993 in H5FD_open(): open failed
    major: Virtual File Layer
    minor: Unable to initialize object
  #003: ../../../src/H5FDsec2.c line 339 in H5FD_sec2_open(): unable to open file: name = 'fast5s_ivt_3_23s/ivt_3_23s-0.fast5', errno = 2, error message = 'No such file or directory', flags = 0, o_flags = 0
    major: File accessibilty
    minor: Unable to open file
HDF5-DIAG: Error detected in HDF5 (1.8.16) thread 140355733053440:
  #000: ../../../src/H5G.c line 454 in H5Gopen2(): not a location
    major: Invalid arguments to routine
    minor: Inappropriate type
  #001: ../../../src/H5Gloc.c line 253 in H5G_loc(): invalid object ID
    major: Invalid arguments to routine
    minor: Bad value
HDF5-DIAG: Error detected in HDF5 (1.8.16) thread 140355733053440:
  #000: ../../../src/H5G.c line 812 in H5Gclose(): not a group
    major: Invalid arguments to routine
    minor: Inappropriate type
[handle_bad_fast5::WARNING][1;33m Fast5 file [fast5s_ivt_3_23s/ivt_3_23s-0.fast5] for read [2f60d5d8-7846-40bb-ad74-0de077640412] is unreadable and will be skipped[0m
HDF5-DIAG: Error detected in HDF5 (1.8.16) thread 140355733053440:
  #000: ../../../src/H5F.c line 604 in H5Fopen(): unable to open file
    major: File accessibilty
    minor: Unable to open file
  #001: ../../../src/H5Fint.c line 992 in H5F_open(): unable to open file: time = Thu Jun 16 11:26:26 2022
, name = 'fast5s_ivt_3_23s/ivt_3_23s-0.fast5', tent_flags = 0
    major: File accessibilty
    minor: Unable to open file
  #002: ../../../src/H5FD.c line 993 in H5FD_open(): open failed
    major: Virtual File Layer
    minor: Unable to initialize object
  #003: ../../../src/H5FDsec2.c line 339 in H5FD_sec2_open(): unable to open file: name = 'fast5s_ivt_3_23s/ivt_3_23s-0.fast5', errno = 2, error message = 'No such file or directory', flags = 0, o_flags = 0
    major: File accessibilty
    minor: Unable to open file
HDF5-DIAG: Error detected in HDF5 (1.8.16) thread 140355733053440:
  #000: ../../../src/H5G.c line 454 in H5Gopen2(): not a location
    major: Invalid arguments to routine
    minor: Inappropriate type
  #001: ../../../src/H5Gloc.c line 253 in H5G_loc(): invalid object ID
    major: Invalid arguments to routine
    minor: Bad value
HDF5-DIAG: Error detected in HDF5 (1.8.16) thread 140355733053440:
  #000: ../../../src/H5G.c line 812 in H5Gclose(): not a group
    major: Invalid arguments to routine
    minor: Inappropriate type
[handle_bad_fast5::WARNING][1;33m Fast5 file [fast5s_ivt_3_23s/ivt_3_23s-0.fast5] for read [63d846d8-e664-4c10-9b9b-59c684251357] is unreadable and will be skipped[0m
HDF5-DIAG: Error detected in HDF5 (1.8.16) thread 140355733053440:
  #000: ../../../src/H5F.c line 604 in H5Fopen(): unable to open file
    major: File accessibilty
    minor: Unable to open file
  #001: ../../../src/H5Fint.c line 992 in H5F_open(): unable to open file: time = Thu Jun 16 11:26:26 2022
, name = 'fast5s_ivt_3_23s/ivt_3_23s-0.fast5', tent_flags = 0
    major: File accessibilty
    minor: Unable to open file
  #002: ../../../src/H5FD.c line 993 in H5FD_open(): open failed
    major: Virtual File Layer
    minor: Unable to initialize object
  #003: ../../../src/H5FDsec2.c line 339 in H5FD_sec2_open(): unable to open file: name = 'fast5s_ivt_3_23s/ivt_3_23s-0.fast5', errno = 2, error message = 'No such file or directory', flags = 0, o_flags = 0
    major: File accessibilty
    minor: Unable to open file
HDF5-DIAG: Error detected in HDF5 (1.8.16) thread 140355733053440:
  #000: ../../../src/H5G.c line 454 in H5Gopen2(): not a location
    major: Invalid arguments to routine
    minor: Inappropriate type
  #001: ../../../src/H5Gloc.c line 253 in H5G_loc(): invalid object ID
    major: Invalid arguments to routine
    minor: Bad value
HDF5-DIAG: Error detected in HDF5 (1.8.16) thread 140355733053440:
  #000: ../../../src/H5G.c line 812 in H5Gclose(): not a group
    major: Invalid arguments to routine
    minor: Inappropriate type
[handle_bad_fast5::WARNING][1;33m Fast5 file [fast5s_ivt_3_23s/ivt_3_23s-0.fast5] for read [97411541-fa0c-42c6-9aec-6c599cbfa223] is unreadable and will be skipped[0m
HDF5-DIAG: Error detected in HDF5 (1.8.16) thread 140355733053440:
  #000: ../../../src/H5F.c line 604 in H5Fopen(): unable to open file
    major: File accessibilty
    minor: Unable to open file
  #001: ../../../src/H5Fint.c line 992 in H5F_open(): unable to open file: time = Thu Jun 16 11:26:26 2022
, name = 'fast5s_ivt_3_23s/ivt_3_23s-0.fast5', tent_flags = 0
    major: File accessibilty
    minor: Unable to open file
  #002: ../../../src/H5FD.c line 993 in H5FD_open(): open failed
    major: Virtual File Layer
    minor: Unable to initialize object
  #003: ../../../src/H5FDsec2.c line 339 in H5FD_sec2_open(): unable to open file: name = 'fast5s_ivt_3_23s/ivt_3_23s-0.fast5', errno = 2, error message = 'No such file or directory', flags = 0, o_flags = 0
    major: File accessibilty
    minor: Unable to open file
HDF5-DIAG: Error detected in HDF5 (1.8.16) thread 140355733053440:
  #000: ../../../src/H5G.c line 454 in H5Gopen2(): not a location
    major: Invalid arguments to routine
    minor: Inappropriate type
  #001: ../../../src/H5Gloc.c line 253 in H5G_loc(): invalid object ID
    major: Invalid arguments to routine
    minor: Bad value
HDF5-DIAG: Error detected in HDF5 (1.8.16) thread 140355733053440:
  #000: ../../../src/H5G.c line 812 in H5Gclose(): not a group
    major: Invalid arguments to routine
    minor: Inappropriate type
[handle_bad_fast5::WARNING][1;33m Fast5 file [fast5s_ivt_3_23s/ivt_3_23s-0.fast5] for read [c5302f11-9949-4ddf-b18b-9e16b5626359] is unreadable and will be skipped[0m
HDF5-DIAG: Error detected in HDF5 (1.8.16) thread 140355733053440:
  #000: ../../../src/H5F.c line 604 in H5Fopen(): unable to open file
    major: File accessibilty
    minor: Unable to open file
  #001: ../../../src/H5Fint.c line 992 in H5F_open(): unable to open file: time = Thu Jun 16 11:26:26 2022
, name = 'fast5s_ivt_3_23s/ivt_3_23s-0.fast5', tent_flags = 0
    major: File accessibilty
    minor: Unable to open file
  #002: ../../../src/H5FD.c line 993 in H5FD_open(): open failed
    major: Virtual File Layer
    minor: Unable to initialize object
  #003: ../../../src/H5FDsec2.c line 339 in H5FD_sec2_open(): unable to open file: name = 'fast5s_ivt_3_23s/ivt_3_23s-0.fast5', errno = 2, error message = 'No such file or directory', flags = 0, o_flags = 0
    major: File accessibilty
    minor: Unable to open file
HDF5-DIAG: Error detected in HDF5 (1.8.16) thread 140355733053440:
  #000: ../../../src/H5G.c line 454 in H5Gopen2(): not a location
    major: Invalid arguments to routine
    minor: Inappropriate type
  #001: ../../../src/H5Gloc.c line 253 in H5G_loc(): invalid object ID
    major: Invalid arguments to routine
    minor: Bad value
HDF5-DIAG: Error detected in HDF5 (1.8.16) thread 140355733053440:
  #000: ../../../src/H5G.c line 812 in H5Gclose(): not a group
    major: Invalid arguments to routine
    minor: Inappropriate type
[handle_bad_fast5::WARNING][1;33m Fast5 file [fast5s_ivt_3_23s/ivt_3_23s-0.fast5] for read [578b9e71-a9a6-439e-a0de-4dbbb4055b9e] is unreadable and will be skipped[0m
HDF5-DIAG: Error detected in HDF5 (1.8.16) thread 140355733053440:
  #000: ../../../src/H5F.c line 604 in H5Fopen(): unable to open file
    major: File accessibilty
    minor: Unable to open file
  #001: ../../../src/H5Fint.c line 992 in H5F_open(): unable to open file: time = Thu Jun 16 11:26:26 2022
, name = 'fast5s_ivt_3_23s/ivt_3_23s-0.fast5', tent_flags = 0
    major: File accessibilty
    minor: Unable to open file
  #002: ../../../src/H5FD.c line 993 in H5FD_open(): open failed
    major: Virtual File Layer
    minor: Unable to initialize object
  #003: ../../../src/H5FDsec2.c line 339 in H5FD_sec2_open(): unable to open file: name = 'fast5s_ivt_3_23s/ivt_3_23s-0.fast5', errno = 2, error message = 'No such file or directory', flags = 0, o_flags = 0
    major: File accessibilty
    minor: Unable to open file
HDF5-DIAG: Error detected in HDF5 (1.8.16) thread 140355733053440:
  #000: ../../../src/H5G.c line 454 in H5Gopen2(): not a location
    major: Invalid arguments to routine
    minor: Inappropriate type
  #001: ../../../src/H5Gloc.c line 253 in H5G_loc(): invalid object ID
    major: Invalid arguments to routine
    minor: Bad value
HDF5-DIAG: Error detected in HDF5 (1.8.16) thread 140355733053440:
  #000: ../../../src/H5G.c line 812 in H5Gclose(): not a group
    major: Invalid arguments to routine
    minor: Inappropriate type
[handle_bad_fast5::WARNING][1;33m Fast5 file [fast5s_ivt_3_23s/ivt_3_23s-0.fast5] for read [5c6cded3-8550-4fc5-9382-943ecdeb05da] is unreadable and will be skipped[0m
HDF5-DIAG: Error detected in HDF5 (1.8.16) thread 140355733053440:
  #000: ../../../src/H5F.c line 604 in H5Fopen(): unable to open file
    major: File accessibilty
    minor: Unable to open file
  #001: ../../../src/H5Fint.c line 992 in H5F_open(): unable to open file: time = Thu Jun 16 11:26:26 2022
, name = 'fast5s_ivt_3_23s/ivt_3_23s-0.fast5', tent_flags = 0
    major: File accessibilty
    minor: Unable to open file
  #002: ../../../src/H5FD.c line 993 in H5FD_open(): open failed
    major: Virtual File Layer
    minor: Unable to initialize object
  #003: ../../../src/H5FDsec2.c line 339 in H5FD_sec2_open(): unable to open file: name = 'fast5s_ivt_3_23s/ivt_3_23s-0.fast5', errno = 2, error message = 'No such file or directory', flags = 0, o_flags = 0
    major: File accessibilty
    minor: Unable to open file
HDF5-DIAG: Error detected in HDF5 (1.8.16) thread 140355733053440:
  #000: ../../../src/H5G.c line 454 in H5Gopen2(): not a location
    major: Invalid arguments to routine
    minor: Inappropriate type
  #001: ../../../src/H5Gloc.c line 253 in H5G_loc(): invalid object ID
    major: Invalid arguments to routine
    minor: Bad value
HDF5-DIAG: Error detected in HDF5 (1.8.16) thread 140355733053440:
  #000: ../../../src/H5G.c line 812 in H5Gclose(): not a group
    major: Invalid arguments to routine
    minor: Inappropriate type
[handle_bad_fast5::WARNING][1;33m Fast5 file [fast5s_ivt_3_23s/ivt_3_23s-0.fast5] for read [062471ac-9f7e-4a5e-9134-b1d220c50251] is unreadable and will be skipped[0m
HDF5-DIAG: Error detected in HDF5 (1.8.16) thread 140355733053440:
  #000: ../../../src/H5F.c line 604 in H5Fopen(): unable to open file
    major: File accessibilty
    minor: Unable to open file
  #001: ../../../src/H5Fint.c line 992 in H5F_open(): unable to open file: time = Thu Jun 16 11:26:26 2022
, name = 'fast5s_ivt_3_23s/ivt_3_23s-0.fast5', tent_flags = 0
    major: File accessibilty
    minor: Unable to open file
  #002: ../../../src/H5FD.c line 993 in H5FD_open(): open failed
    major: Virtual File Layer
    minor: Unable to initialize object
  #003: ../../../src/H5FDsec2.c line 339 in H5FD_sec2_open(): unable to open file: name = 'fast5s_ivt_3_23s/ivt_3_23s-0.fast5', errno = 2, error message = 'No such file or directory', flags = 0, o_flags = 0
    major: File accessibilty
    minor: Unable to open file
HDF5-DIAG: Error detected in HDF5 (1.8.16) thread 140355733053440:
  #000: ../../../src/H5G.c line 454 in H5Gopen2(): not a location
    major: Invalid arguments to routine
    minor: Inappropriate type
  #001: ../../../src/H5Gloc.c line 253 in H5G_loc(): invalid object ID
    major: Invalid arguments to routine
    minor: Bad value
HDF5-DIAG: Error detected in HDF5 (1.8.16) thread 140355733053440:
  #000: ../../../src/H5G.c line 812 in H5Gclose(): not a group
    major: Invalid arguments to routine
    minor: Inappropriate type
[handle_bad_fast5::WARNING][1;33m Fast5 file [fast5s_ivt_3_23s/ivt_3_23s-0.fast5] for read [dc24b48d-3194-49c4-a196-1dce32899d8f] is unreadable and will be skipped[0m
[meth_main::0.047*0.25] 0 Entries (0.0M bases) loaded
[pthread_processor::0.050*0.35] 0 Entries (0.0M bases) processed
[meth_main] total entries: 13, qc fail: 0, could not calibrate: 0, no alignment: 0, bad fast5: 13
[meth_main] total bases: 0.0 Mbases
[meth_main] Data loading time: 0.004 sec
[meth_main]     - bam load time: 0.000 sec
[meth_main]     - fasta load time: 0.001 sec
[meth_main]     - fast5 load time: 0.002 sec
[meth_main]         - fast5 open time: 0.002 sec
[meth_main]         - fast5 read time: 0.000 sec
[meth_main] Data processing time: 0.003 sec
[meth_main] Data output time: 0.000 sec
[meth_main::INFO][1;34m Performance bounded by file I/O. File I/O took 0.001 sec than processing[0m
[main] Version: 0.7
[main] CMD: /home/bhargavam/f5c-v0.7/f5c eventalign --scale-events --signal-index --print-read-names --rna -r ivt_3_23s.fastq -b ivt_3_23s_sorted.bam -g k12_23s_78_extended.fa --summary ivt_3_23s_summary.txt --threads 40
[main] Real time: 0.050 sec; CPU time: 0.018 sec; Peak RAM: 0.008 GB

